
*** Running vivado
    with args -log mts_wrapper.vds -m64 -product Vivado -mode batch -messageDb vivado.pb -notrace -source mts_wrapper.tcl



****** Vivado v2022.2.2 (64-bit)
  **** SW Build 3788238 on Tue Feb 21 20:00:34 MST 2023
  **** IP Build 3783773 on Tue Feb 21 23:41:56 MST 2023
    ** Copyright 1986-2023 Xilinx, Inc. All Rights Reserved.

source mts_wrapper.tcl -notrace
INFO: [IP_Flow 19-234] Refreshing IP repositories
WARNING: [IP_Flow 19-2248] Failed to load user IP repository 'c:/Work/FPGA/RFSoC-MTS/ip'; Can't find the specified path.
If this directory should no longer be in your list of user repositories, go to the IP Settings dialog and remove it.
INFO: [IP_Flow 19-1700] Loaded user IP repository 'c:/Users/sega-/OneDrive/Documents/Xilinx'.
INFO: [IP_Flow 19-2313] Loaded Vivado IP repository 'C:/Xilinx/Vivado/2022.2/data/ip'.
Command: read_checkpoint -auto_incremental -incremental C:/Work/FPGA/RFSoC-MTS/boards/RFSoC4x2/build_mts/mts/mts.srcs/utils_1/imports/synth_1/mts_wrapper.dcp
INFO: [Vivado 12-5825] Read reference checkpoint from C:/Work/FPGA/RFSoC-MTS/boards/RFSoC4x2/build_mts/mts/mts.srcs/utils_1/imports/synth_1/mts_wrapper.dcp for incremental synthesis
INFO: [Vivado 12-7989] Please ensure there are no constraint changes
Command: synth_design -top mts_wrapper -part xczu48dr-ffvg1517-2-e
Starting synth_design
Attempting to get a license for feature 'Synthesis' and/or device 'xczu48dr'
INFO: [Common 17-349] Got license for feature 'Synthesis' and/or device 'xczu48dr'
INFO: [Device 21-403] Loading part xczu48dr-ffvg1517-2-e
INFO: [Designutils 20-5440] No compile time benefit to using incremental synthesis; A full resynthesis will be run
INFO: [Designutils 20-4379] Flow is switching to default flow due to incremental criteria not met. If you would like to alter this behaviour and have the flow terminate instead, please set the following parameter config_implementation {autoIncr.Synth.RejectBehavior Terminate}
INFO: [Synth 8-7079] Multithreading enabled for synth_design using a maximum of 2 processes.
INFO: [Synth 8-7078] Launching helper process for spawning children vivado processes
INFO: [Synth 8-7075] Helper process launched with PID 123628
INFO: [Synth 8-11241] undeclared symbol 'REGCCE', assumed default net type 'wire' [C:/Xilinx/Vivado/2022.2/data/verilog/src/unimacro/BRAM_SINGLE_MACRO.v:2170]
---------------------------------------------------------------------------------
Starting RTL Elaboration : Time (s): cpu = 00:00:04 ; elapsed = 00:00:04 . Memory (MB): peak = 2719.613 ; gain = 365.004
---------------------------------------------------------------------------------
INFO: [Synth 8-638] synthesizing module 'mts_wrapper' [C:/Work/FPGA/RFSoC-MTS/boards/RFSoC4x2/build_mts/mts/mts.gen/sources_1/bd/mts/hdl/mts_wrapper.vhd:43]
INFO: [Synth 8-3491] module 'mts' declared at 'c:/Work/FPGA/RFSoC-MTS/boards/RFSoC4x2/build_mts/mts/mts.gen/sources_1/bd/mts/synth/mts.vhd:2901' bound to instance 'mts_i' of component 'mts' [C:/Work/FPGA/RFSoC-MTS/boards/RFSoC4x2/build_mts/mts/mts.gen/sources_1/bd/mts/hdl/mts_wrapper.vhd:73]
INFO: [Synth 8-638] synthesizing module 'mts' [c:/Work/FPGA/RFSoC-MTS/boards/RFSoC4x2/build_mts/mts/mts.gen/sources_1/bd/mts/synth/mts.vhd:2934]
INFO: [Synth 8-3491] module 'mts_IQ_product_0_0' declared at 'C:/Work/FPGA/RFSoC-MTS/boards/RFSoC4x2/build_mts/mts/mts.runs/synth_1/.Xil/Vivado-98984-Sega/realtime/mts_IQ_product_0_0_stub.vhdl:5' bound to instance 'IQ_product_0' of component 'mts_IQ_product_0_0' [c:/Work/FPGA/RFSoC-MTS/boards/RFSoC4x2/build_mts/mts/mts.gen/sources_1/bd/mts/synth/mts.vhd:3685]
INFO: [Synth 8-638] synthesizing module 'mts_IQ_product_0_0' [C:/Work/FPGA/RFSoC-MTS/boards/RFSoC4x2/build_mts/mts/mts.runs/synth_1/.Xil/Vivado-98984-Sega/realtime/mts_IQ_product_0_0_stub.vhdl:40]
INFO: [Synth 8-3491] module 'mts_blk_mem_gen_0_5' declared at 'C:/Work/FPGA/RFSoC-MTS/boards/RFSoC4x2/build_mts/mts/mts.runs/synth_1/.Xil/Vivado-98984-Sega/realtime/mts_blk_mem_gen_0_5_stub.vhdl:5' bound to instance 'blk_mem_gen_1' of component 'mts_blk_mem_gen_0_5' [c:/Work/FPGA/RFSoC-MTS/boards/RFSoC4x2/build_mts/mts/mts.gen/sources_1/bd/mts/synth/mts.vhd:3717]
INFO: [Synth 8-638] synthesizing module 'mts_blk_mem_gen_0_5' [C:/Work/FPGA/RFSoC-MTS/boards/RFSoC4x2/build_mts/mts/mts.runs/synth_1/.Xil/Vivado-98984-Sega/realtime/mts_blk_mem_gen_0_5_stub.vhdl:17]
INFO: [Synth 8-3491] module 'mts_c_counter_binary_0_0' declared at 'C:/Work/FPGA/RFSoC-MTS/boards/RFSoC4x2/build_mts/mts/mts.runs/synth_1/.Xil/Vivado-98984-Sega/realtime/mts_c_counter_binary_0_0_stub.vhdl:5' bound to instance 'c_counter_binary_0' of component 'mts_c_counter_binary_0_0' [c:/Work/FPGA/RFSoC-MTS/boards/RFSoC4x2/build_mts/mts/mts.gen/sources_1/bd/mts/synth/mts.vhd:3726]
INFO: [Synth 8-638] synthesizing module 'mts_c_counter_binary_0_0' [C:/Work/FPGA/RFSoC-MTS/boards/RFSoC4x2/build_mts/mts/mts.runs/synth_1/.Xil/Vivado-98984-Sega/realtime/mts_c_counter_binary_0_0_stub.vhdl:13]
INFO: [Synth 8-638] synthesizing module 'clocktreeMTS_imp_ZMYI0T' [c:/Work/FPGA/RFSoC-MTS/boards/RFSoC4x2/build_mts/mts/mts.gen/sources_1/bd/mts/synth/mts.vhd:48]
INFO: [Synth 8-3491] module 'mts_BUFG_PL_CLK_0' declared at 'C:/Work/FPGA/RFSoC-MTS/boards/RFSoC4x2/build_mts/mts/mts.runs/synth_1/.Xil/Vivado-98984-Sega/realtime/mts_BUFG_PL_CLK_0_stub.vhdl:5' bound to instance 'BUFG_PL_CLK' of component 'mts_BUFG_PL_CLK_0' [c:/Work/FPGA/RFSoC-MTS/boards/RFSoC4x2/build_mts/mts/mts.gen/sources_1/bd/mts/synth/mts.vhd:212]
INFO: [Synth 8-638] synthesizing module 'mts_BUFG_PL_CLK_0' [C:/Work/FPGA/RFSoC-MTS/boards/RFSoC4x2/build_mts/mts/mts.runs/synth_1/.Xil/Vivado-98984-Sega/realtime/mts_BUFG_PL_CLK_0_stub.vhdl:13]
INFO: [Synth 8-3491] module 'mts_MTSclkwiz_0' declared at 'C:/Work/FPGA/RFSoC-MTS/boards/RFSoC4x2/build_mts/mts/mts.runs/synth_1/.Xil/Vivado-98984-Sega/realtime/mts_MTSclkwiz_0_stub.vhdl:5' bound to instance 'MTSclkwiz' of component 'mts_MTSclkwiz_0' [c:/Work/FPGA/RFSoC-MTS/boards/RFSoC4x2/build_mts/mts/mts.gen/sources_1/bd/mts/synth/mts.vhd:217]
INFO: [Synth 8-638] synthesizing module 'mts_MTSclkwiz_0' [C:/Work/FPGA/RFSoC-MTS/boards/RFSoC4x2/build_mts/mts/mts.runs/synth_1/.Xil/Vivado-98984-Sega/realtime/mts_MTSclkwiz_0_stub.vhdl:39]
INFO: [Synth 8-3491] module 'mts_PSreset_control_0' declared at 'C:/Work/FPGA/RFSoC-MTS/boards/RFSoC4x2/build_mts/mts/mts.runs/synth_1/.Xil/Vivado-98984-Sega/realtime/mts_PSreset_control_0_stub.vhdl:5' bound to instance 'PSreset_control' of component 'mts_PSreset_control_0' [c:/Work/FPGA/RFSoC-MTS/boards/RFSoC4x2/build_mts/mts/mts.gen/sources_1/bd/mts/synth/mts.vhd:248]
INFO: [Synth 8-638] synthesizing module 'mts_PSreset_control_0' [C:/Work/FPGA/RFSoC-MTS/boards/RFSoC4x2/build_mts/mts/mts.runs/synth_1/.Xil/Vivado-98984-Sega/realtime/mts_PSreset_control_0_stub.vhdl:21]
INFO: [Synth 8-3491] module 'mts_RFegressReset_0' declared at 'C:/Work/FPGA/RFSoC-MTS/boards/RFSoC4x2/build_mts/mts/mts.runs/synth_1/.Xil/Vivado-98984-Sega/realtime/mts_RFegressReset_0_stub.vhdl:5' bound to instance 'RFegressReset' of component 'mts_RFegressReset_0' [c:/Work/FPGA/RFSoC-MTS/boards/RFSoC4x2/build_mts/mts/mts.gen/sources_1/bd/mts/synth/mts.vhd:261]
INFO: [Synth 8-638] synthesizing module 'mts_RFegressReset_0' [C:/Work/FPGA/RFSoC-MTS/boards/RFSoC4x2/build_mts/mts/mts.runs/synth_1/.Xil/Vivado-98984-Sega/realtime/mts_RFegressReset_0_stub.vhdl:21]
INFO: [Synth 8-3491] module 'mts_RFingressReset_0' declared at 'C:/Work/FPGA/RFSoC-MTS/boards/RFSoC4x2/build_mts/mts/mts.runs/synth_1/.Xil/Vivado-98984-Sega/realtime/mts_RFingressReset_0_stub.vhdl:5' bound to instance 'RFingressReset' of component 'mts_RFingressReset_0' [c:/Work/FPGA/RFSoC-MTS/boards/RFSoC4x2/build_mts/mts/mts.gen/sources_1/bd/mts/synth/mts.vhd:274]
INFO: [Synth 8-638] synthesizing module 'mts_RFingressReset_0' [C:/Work/FPGA/RFSoC-MTS/boards/RFSoC4x2/build_mts/mts/mts.runs/synth_1/.Xil/Vivado-98984-Sega/realtime/mts_RFingressReset_0_stub.vhdl:21]
INFO: [Synth 8-3491] module 'mts_synchronizeSYSREF_0' declared at 'C:/Work/FPGA/RFSoC-MTS/boards/RFSoC4x2/build_mts/mts/mts.runs/synth_1/.Xil/Vivado-98984-Sega/realtime/mts_synchronizeSYSREF_0_stub.vhdl:5' bound to instance 'synchronizeSYSREF' of component 'mts_synchronizeSYSREF_0' [c:/Work/FPGA/RFSoC-MTS/boards/RFSoC4x2/build_mts/mts/mts.gen/sources_1/bd/mts/synth/mts.vhd:287]
INFO: [Synth 8-638] synthesizing module 'mts_synchronizeSYSREF_0' [C:/Work/FPGA/RFSoC-MTS/boards/RFSoC4x2/build_mts/mts/mts.runs/synth_1/.Xil/Vivado-98984-Sega/realtime/mts_synchronizeSYSREF_0_stub.vhdl:15]
INFO: [Synth 8-256] done synthesizing module 'clocktreeMTS_imp_ZMYI0T' (0#1) [c:/Work/FPGA/RFSoC-MTS/boards/RFSoC4x2/build_mts/mts/mts.gen/sources_1/bd/mts/synth/mts.vhd:48]
INFO: [Synth 8-638] synthesizing module 'mts_control_interconnect_0' [c:/Work/FPGA/RFSoC-MTS/boards/RFSoC4x2/build_mts/mts/mts.gen/sources_1/bd/mts/synth/mts.vhd:1852]
INFO: [Synth 8-638] synthesizing module 'm00_couplers_imp_1UOYSZK' [c:/Work/FPGA/RFSoC-MTS/boards/RFSoC4x2/build_mts/mts/mts.gen/sources_1/bd/mts/synth/mts.vhd:682]
INFO: [Synth 8-256] done synthesizing module 'm00_couplers_imp_1UOYSZK' (0#1) [c:/Work/FPGA/RFSoC-MTS/boards/RFSoC4x2/build_mts/mts/mts.gen/sources_1/bd/mts/synth/mts.vhd:682]
INFO: [Synth 8-638] synthesizing module 'm01_couplers_imp_CPC24L' [c:/Work/FPGA/RFSoC-MTS/boards/RFSoC4x2/build_mts/mts/mts.gen/sources_1/bd/mts/synth/mts.vhd:787]
INFO: [Synth 8-256] done synthesizing module 'm01_couplers_imp_CPC24L' (0#1) [c:/Work/FPGA/RFSoC-MTS/boards/RFSoC4x2/build_mts/mts/mts.gen/sources_1/bd/mts/synth/mts.vhd:787]
INFO: [Synth 8-638] synthesizing module 'm02_couplers_imp_13YH53F' [c:/Work/FPGA/RFSoC-MTS/boards/RFSoC4x2/build_mts/mts/mts.gen/sources_1/bd/mts/synth/mts.vhd:894]
INFO: [Synth 8-256] done synthesizing module 'm02_couplers_imp_13YH53F' (0#1) [c:/Work/FPGA/RFSoC-MTS/boards/RFSoC4x2/build_mts/mts/mts.gen/sources_1/bd/mts/synth/mts.vhd:894]
INFO: [Synth 8-638] synthesizing module 'm03_couplers_imp_LIX1FY' [c:/Work/FPGA/RFSoC-MTS/boards/RFSoC4x2/build_mts/mts/mts.gen/sources_1/bd/mts/synth/mts.vhd:995]
INFO: [Synth 8-256] done synthesizing module 'm03_couplers_imp_LIX1FY' (0#1) [c:/Work/FPGA/RFSoC-MTS/boards/RFSoC4x2/build_mts/mts/mts.gen/sources_1/bd/mts/synth/mts.vhd:995]
INFO: [Synth 8-638] synthesizing module 'm04_couplers_imp_DKHEXI' [c:/Work/FPGA/RFSoC-MTS/boards/RFSoC4x2/build_mts/mts/mts.gen/sources_1/bd/mts/synth/mts.vhd:1096]
INFO: [Synth 8-256] done synthesizing module 'm04_couplers_imp_DKHEXI' (0#1) [c:/Work/FPGA/RFSoC-MTS/boards/RFSoC4x2/build_mts/mts/mts.gen/sources_1/bd/mts/synth/mts.vhd:1096]
INFO: [Synth 8-638] synthesizing module 'm05_couplers_imp_1TVRB6B' [c:/Work/FPGA/RFSoC-MTS/boards/RFSoC4x2/build_mts/mts/mts.gen/sources_1/bd/mts/synth/mts.vhd:1197]
INFO: [Synth 8-256] done synthesizing module 'm05_couplers_imp_1TVRB6B' (0#1) [c:/Work/FPGA/RFSoC-MTS/boards/RFSoC4x2/build_mts/mts/mts.gen/sources_1/bd/mts/synth/mts.vhd:1197]
INFO: [Synth 8-638] synthesizing module 'm06_couplers_imp_MEFJX9' [c:/Work/FPGA/RFSoC-MTS/boards/RFSoC4x2/build_mts/mts/mts.gen/sources_1/bd/mts/synth/mts.vhd:1298]
INFO: [Synth 8-256] done synthesizing module 'm06_couplers_imp_MEFJX9' (0#1) [c:/Work/FPGA/RFSoC-MTS/boards/RFSoC4x2/build_mts/mts/mts.gen/sources_1/bd/mts/synth/mts.vhd:1298]
INFO: [Synth 8-638] synthesizing module 's00_couplers_imp_OS3PMI' [c:/Work/FPGA/RFSoC-MTS/boards/RFSoC4x2/build_mts/mts/mts.gen/sources_1/bd/mts/synth/mts.vhd:1421]
INFO: [Synth 8-3491] module 'mts_auto_pc_0' declared at 'C:/Work/FPGA/RFSoC-MTS/boards/RFSoC4x2/build_mts/mts/mts.runs/synth_1/.Xil/Vivado-98984-Sega/realtime/mts_auto_pc_0_stub.vhdl:5' bound to instance 'auto_pc' of component 'mts_auto_pc_0' [c:/Work/FPGA/RFSoC-MTS/boards/RFSoC4x2/build_mts/mts/mts.gen/sources_1/bd/mts/synth/mts.vhd:1603]
INFO: [Synth 8-638] synthesizing module 'mts_auto_pc_0' [C:/Work/FPGA/RFSoC-MTS/boards/RFSoC4x2/build_mts/mts/mts.runs/synth_1/.Xil/Vivado-98984-Sega/realtime/mts_auto_pc_0_stub.vhdl:71]
INFO: [Synth 8-256] done synthesizing module 's00_couplers_imp_OS3PMI' (0#1) [c:/Work/FPGA/RFSoC-MTS/boards/RFSoC4x2/build_mts/mts/mts.gen/sources_1/bd/mts/synth/mts.vhd:1421]
INFO: [Synth 8-3491] module 'mts_xbar_0' declared at 'C:/Work/FPGA/RFSoC-MTS/boards/RFSoC4x2/build_mts/mts/mts.runs/synth_1/.Xil/Vivado-98984-Sega/realtime/mts_xbar_0_stub.vhdl:5' bound to instance 'xbar' of component 'mts_xbar_0' [c:/Work/FPGA/RFSoC-MTS/boards/RFSoC4x2/build_mts/mts/mts.gen/sources_1/bd/mts/synth/mts.vhd:2714]
INFO: [Synth 8-638] synthesizing module 'mts_xbar_0' [C:/Work/FPGA/RFSoC-MTS/boards/RFSoC4x2/build_mts/mts/mts.runs/synth_1/.Xil/Vivado-98984-Sega/realtime/mts_xbar_0_stub.vhdl:51]
INFO: [Synth 8-256] done synthesizing module 'mts_control_interconnect_0' (0#1) [c:/Work/FPGA/RFSoC-MTS/boards/RFSoC4x2/build_mts/mts/mts.gen/sources_1/bd/mts/synth/mts.vhd:1852]
INFO: [Synth 8-638] synthesizing module 'gpio_control_imp_1VWM5ZY' [c:/Work/FPGA/RFSoC-MTS/boards/RFSoC4x2/build_mts/mts/mts.gen/sources_1/bd/mts/synth/mts.vhd:361]
INFO: [Synth 8-3491] module 'mts_axi_gpio_bram_adc_0' declared at 'C:/Work/FPGA/RFSoC-MTS/boards/RFSoC4x2/build_mts/mts/mts.runs/synth_1/.Xil/Vivado-98984-Sega/realtime/mts_axi_gpio_bram_adc_0_stub.vhdl:5' bound to instance 'axi_gpio_bram_adc' of component 'mts_axi_gpio_bram_adc_0' [c:/Work/FPGA/RFSoC-MTS/boards/RFSoC4x2/build_mts/mts/mts.gen/sources_1/bd/mts/synth/mts.vhd:558]
INFO: [Synth 8-638] synthesizing module 'mts_axi_gpio_bram_adc_0' [C:/Work/FPGA/RFSoC-MTS/boards/RFSoC4x2/build_mts/mts/mts.runs/synth_1/.Xil/Vivado-98984-Sega/realtime/mts_axi_gpio_bram_adc_0_stub.vhdl:31]
INFO: [Synth 8-3491] module 'mts_axi_gpio_dac_0' declared at 'C:/Work/FPGA/RFSoC-MTS/boards/RFSoC4x2/build_mts/mts/mts.runs/synth_1/.Xil/Vivado-98984-Sega/realtime/mts_axi_gpio_dac_0_stub.vhdl:5' bound to instance 'axi_gpio_dac' of component 'mts_axi_gpio_dac_0' [c:/Work/FPGA/RFSoC-MTS/boards/RFSoC4x2/build_mts/mts/mts.gen/sources_1/bd/mts/synth/mts.vhd:581]
INFO: [Synth 8-638] synthesizing module 'mts_axi_gpio_dac_0' [C:/Work/FPGA/RFSoC-MTS/boards/RFSoC4x2/build_mts/mts/mts.runs/synth_1/.Xil/Vivado-98984-Sega/realtime/mts_axi_gpio_dac_0_stub.vhdl:31]
INFO: [Synth 8-3491] module 'mts_axi_gpio_fifoflush_0' declared at 'C:/Work/FPGA/RFSoC-MTS/boards/RFSoC4x2/build_mts/mts/mts.runs/synth_1/.Xil/Vivado-98984-Sega/realtime/mts_axi_gpio_fifoflush_0_stub.vhdl:5' bound to instance 'axi_gpio_fifoflush' of component 'mts_axi_gpio_fifoflush_0' [c:/Work/FPGA/RFSoC-MTS/boards/RFSoC4x2/build_mts/mts/mts.gen/sources_1/bd/mts/synth/mts.vhd:604]
INFO: [Synth 8-638] synthesizing module 'mts_axi_gpio_fifoflush_0' [C:/Work/FPGA/RFSoC-MTS/boards/RFSoC4x2/build_mts/mts/mts.runs/synth_1/.Xil/Vivado-98984-Sega/realtime/mts_axi_gpio_fifoflush_0_stub.vhdl:31]
INFO: [Synth 8-3491] module 'mts_xpm_cdc_gen_0_0' declared at 'C:/Work/FPGA/RFSoC-MTS/boards/RFSoC4x2/build_mts/mts/mts.runs/synth_1/.Xil/Vivado-98984-Sega/realtime/mts_xpm_cdc_gen_0_0_stub.vhdl:5' bound to instance 'xpm_cdc_gen_0' of component 'mts_xpm_cdc_gen_0_0' [c:/Work/FPGA/RFSoC-MTS/boards/RFSoC4x2/build_mts/mts/mts.gen/sources_1/bd/mts/synth/mts.vhd:627]
INFO: [Synth 8-638] synthesizing module 'mts_xpm_cdc_gen_0_0' [C:/Work/FPGA/RFSoC-MTS/boards/RFSoC4x2/build_mts/mts/mts.runs/synth_1/.Xil/Vivado-98984-Sega/realtime/mts_xpm_cdc_gen_0_0_stub.vhdl:15]
INFO: [Synth 8-256] done synthesizing module 'gpio_control_imp_1VWM5ZY' (0#1) [c:/Work/FPGA/RFSoC-MTS/boards/RFSoC4x2/build_mts/mts/mts.gen/sources_1/bd/mts/synth/mts.vhd:361]
INFO: [Synth 8-3491] module 'mts_ila_0_0' declared at 'C:/Work/FPGA/RFSoC-MTS/boards/RFSoC4x2/build_mts/mts/mts.runs/synth_1/.Xil/Vivado-98984-Sega/realtime/mts_ila_0_0_stub.vhdl:5' bound to instance 'ila_0' of component 'mts_ila_0_0' [c:/Work/FPGA/RFSoC-MTS/boards/RFSoC4x2/build_mts/mts/mts.gen/sources_1/bd/mts/synth/mts.vhd:4002]
INFO: [Synth 8-638] synthesizing module 'mts_ila_0_0' [C:/Work/FPGA/RFSoC-MTS/boards/RFSoC4x2/build_mts/mts/mts.runs/synth_1/.Xil/Vivado-98984-Sega/realtime/mts_ila_0_0_stub.vhdl:40]
INFO: [Synth 8-3491] module 'mts_system_management_wiz_0_0' declared at 'C:/Work/FPGA/RFSoC-MTS/boards/RFSoC4x2/build_mts/mts/mts.runs/synth_1/.Xil/Vivado-98984-Sega/realtime/mts_system_management_wiz_0_0_stub.vhdl:5' bound to instance 'system_management_wiz_0' of component 'mts_system_management_wiz_0_0' [c:/Work/FPGA/RFSoC-MTS/boards/RFSoC4x2/build_mts/mts/mts.gen/sources_1/bd/mts/synth/mts.vhd:4034]
INFO: [Synth 8-638] synthesizing module 'mts_system_management_wiz_0_0' [C:/Work/FPGA/RFSoC-MTS/boards/RFSoC4x2/build_mts/mts/mts.runs/synth_1/.Xil/Vivado-98984-Sega/realtime/mts_system_management_wiz_0_0_stub.vhdl:38]
INFO: [Synth 8-3491] module 'mts_usp_rf_data_converter_1_0' declared at 'C:/Work/FPGA/RFSoC-MTS/boards/RFSoC4x2/build_mts/mts/mts.runs/synth_1/.Xil/Vivado-98984-Sega/realtime/mts_usp_rf_data_converter_1_0_stub.vhdl:5' bound to instance 'usp_rf_data_converter_1' of component 'mts_usp_rf_data_converter_1_0' [c:/Work/FPGA/RFSoC-MTS/boards/RFSoC4x2/build_mts/mts/mts.gen/sources_1/bd/mts/synth/mts.vhd:4064]
INFO: [Synth 8-638] synthesizing module 'mts_usp_rf_data_converter_1_0' [C:/Work/FPGA/RFSoC-MTS/boards/RFSoC4x2/build_mts/mts/mts.runs/synth_1/.Xil/Vivado-98984-Sega/realtime/mts_usp_rf_data_converter_1_0_stub.vhdl:131]
INFO: [Synth 8-3491] module 'mts_vio_0_0' declared at 'C:/Work/FPGA/RFSoC-MTS/boards/RFSoC4x2/build_mts/mts/mts.runs/synth_1/.Xil/Vivado-98984-Sega/realtime/mts_vio_0_0_stub.vhdl:5' bound to instance 'vio_0' of component 'mts_vio_0_0' [c:/Work/FPGA/RFSoC-MTS/boards/RFSoC4x2/build_mts/mts/mts.gen/sources_1/bd/mts/synth/mts.vhd:4187]
INFO: [Synth 8-638] synthesizing module 'mts_vio_0_0' [C:/Work/FPGA/RFSoC-MTS/boards/RFSoC4x2/build_mts/mts/mts.runs/synth_1/.Xil/Vivado-98984-Sega/realtime/mts_vio_0_0_stub.vhdl:15]
INFO: [Synth 8-3491] module 'mts_xlconcat_0_0' declared at 'c:/Work/FPGA/RFSoC-MTS/boards/RFSoC4x2/build_mts/mts/mts.gen/sources_1/bd/mts/ip/mts_xlconcat_0_0/synth/mts_xlconcat_0_0.v:53' bound to instance 'xlconcat_0' of component 'mts_xlconcat_0_0' [c:/Work/FPGA/RFSoC-MTS/boards/RFSoC4x2/build_mts/mts/mts.gen/sources_1/bd/mts/synth/mts.vhd:4194]
INFO: [Synth 8-6157] synthesizing module 'mts_xlconcat_0_0' [c:/Work/FPGA/RFSoC-MTS/boards/RFSoC4x2/build_mts/mts/mts.gen/sources_1/bd/mts/ip/mts_xlconcat_0_0/synth/mts_xlconcat_0_0.v:53]
INFO: [Synth 8-6157] synthesizing module 'xlconcat_v2_1_4_xlconcat' [c:/Work/FPGA/RFSoC-MTS/boards/RFSoC4x2/build_mts/mts/mts.gen/sources_1/bd/mts/ipshared/4b67/hdl/xlconcat_v2_1_vl_rfs.v:14]
INFO: [Synth 8-6155] done synthesizing module 'xlconcat_v2_1_4_xlconcat' (0#1) [c:/Work/FPGA/RFSoC-MTS/boards/RFSoC4x2/build_mts/mts/mts.gen/sources_1/bd/mts/ipshared/4b67/hdl/xlconcat_v2_1_vl_rfs.v:14]
INFO: [Synth 8-6155] done synthesizing module 'mts_xlconcat_0_0' (0#1) [c:/Work/FPGA/RFSoC-MTS/boards/RFSoC4x2/build_mts/mts/mts.gen/sources_1/bd/mts/ip/mts_xlconcat_0_0/synth/mts_xlconcat_0_0.v:53]
INFO: [Synth 8-3491] module 'mts_zynq_ultra_ps_e_0_0' declared at 'C:/Work/FPGA/RFSoC-MTS/boards/RFSoC4x2/build_mts/mts/mts.runs/synth_1/.Xil/Vivado-98984-Sega/realtime/mts_zynq_ultra_ps_e_0_0_stub.vhdl:5' bound to instance 'zynq_ultra_ps_e_0' of component 'mts_zynq_ultra_ps_e_0_0' [c:/Work/FPGA/RFSoC-MTS/boards/RFSoC4x2/build_mts/mts/mts.gen/sources_1/bd/mts/synth/mts.vhd:4202]
INFO: [Synth 8-638] synthesizing module 'mts_zynq_ultra_ps_e_0_0' [C:/Work/FPGA/RFSoC-MTS/boards/RFSoC4x2/build_mts/mts/mts.runs/synth_1/.Xil/Vivado-98984-Sega/realtime/mts_zynq_ultra_ps_e_0_0_stub.vhdl:134]
INFO: [Synth 8-256] done synthesizing module 'mts' (0#1) [c:/Work/FPGA/RFSoC-MTS/boards/RFSoC4x2/build_mts/mts/mts.gen/sources_1/bd/mts/synth/mts.vhd:2934]
INFO: [Synth 8-256] done synthesizing module 'mts_wrapper' (0#1) [C:/Work/FPGA/RFSoC-MTS/boards/RFSoC4x2/build_mts/mts/mts.gen/sources_1/bd/mts/hdl/mts_wrapper.vhd:43]
WARNING: [Synth 8-7129] Port In4[0] in module xlconcat_v2_1_4_xlconcat is either unconnected or has no load
WARNING: [Synth 8-7129] Port In5[0] in module xlconcat_v2_1_4_xlconcat is either unconnected or has no load
WARNING: [Synth 8-7129] Port In6[0] in module xlconcat_v2_1_4_xlconcat is either unconnected or has no load
WARNING: [Synth 8-7129] Port In7[0] in module xlconcat_v2_1_4_xlconcat is either unconnected or has no load
WARNING: [Synth 8-7129] Port In8[0] in module xlconcat_v2_1_4_xlconcat is either unconnected or has no load
WARNING: [Synth 8-7129] Port In9[0] in module xlconcat_v2_1_4_xlconcat is either unconnected or has no load
WARNING: [Synth 8-7129] Port In10[0] in module xlconcat_v2_1_4_xlconcat is either unconnected or has no load
WARNING: [Synth 8-7129] Port In11[0] in module xlconcat_v2_1_4_xlconcat is either unconnected or has no load
WARNING: [Synth 8-7129] Port In12[0] in module xlconcat_v2_1_4_xlconcat is either unconnected or has no load
WARNING: [Synth 8-7129] Port In13[0] in module xlconcat_v2_1_4_xlconcat is either unconnected or has no load
WARNING: [Synth 8-7129] Port In14[0] in module xlconcat_v2_1_4_xlconcat is either unconnected or has no load
WARNING: [Synth 8-7129] Port In15[0] in module xlconcat_v2_1_4_xlconcat is either unconnected or has no load
WARNING: [Synth 8-7129] Port In16[0] in module xlconcat_v2_1_4_xlconcat is either unconnected or has no load
WARNING: [Synth 8-7129] Port In17[0] in module xlconcat_v2_1_4_xlconcat is either unconnected or has no load
WARNING: [Synth 8-7129] Port In18[0] in module xlconcat_v2_1_4_xlconcat is either unconnected or has no load
WARNING: [Synth 8-7129] Port In19[0] in module xlconcat_v2_1_4_xlconcat is either unconnected or has no load
WARNING: [Synth 8-7129] Port In20[0] in module xlconcat_v2_1_4_xlconcat is either unconnected or has no load
WARNING: [Synth 8-7129] Port In21[0] in module xlconcat_v2_1_4_xlconcat is either unconnected or has no load
WARNING: [Synth 8-7129] Port In22[0] in module xlconcat_v2_1_4_xlconcat is either unconnected or has no load
WARNING: [Synth 8-7129] Port In23[0] in module xlconcat_v2_1_4_xlconcat is either unconnected or has no load
WARNING: [Synth 8-7129] Port In24[0] in module xlconcat_v2_1_4_xlconcat is either unconnected or has no load
WARNING: [Synth 8-7129] Port In25[0] in module xlconcat_v2_1_4_xlconcat is either unconnected or has no load
WARNING: [Synth 8-7129] Port In26[0] in module xlconcat_v2_1_4_xlconcat is either unconnected or has no load
WARNING: [Synth 8-7129] Port In27[0] in module xlconcat_v2_1_4_xlconcat is either unconnected or has no load
WARNING: [Synth 8-7129] Port In28[0] in module xlconcat_v2_1_4_xlconcat is either unconnected or has no load
WARNING: [Synth 8-7129] Port In29[0] in module xlconcat_v2_1_4_xlconcat is either unconnected or has no load
WARNING: [Synth 8-7129] Port In30[0] in module xlconcat_v2_1_4_xlconcat is either unconnected or has no load
WARNING: [Synth 8-7129] Port In31[0] in module xlconcat_v2_1_4_xlconcat is either unconnected or has no load
WARNING: [Synth 8-7129] Port In32[0] in module xlconcat_v2_1_4_xlconcat is either unconnected or has no load
WARNING: [Synth 8-7129] Port In33[0] in module xlconcat_v2_1_4_xlconcat is either unconnected or has no load
WARNING: [Synth 8-7129] Port In34[0] in module xlconcat_v2_1_4_xlconcat is either unconnected or has no load
WARNING: [Synth 8-7129] Port In35[0] in module xlconcat_v2_1_4_xlconcat is either unconnected or has no load
WARNING: [Synth 8-7129] Port In36[0] in module xlconcat_v2_1_4_xlconcat is either unconnected or has no load
WARNING: [Synth 8-7129] Port In37[0] in module xlconcat_v2_1_4_xlconcat is either unconnected or has no load
WARNING: [Synth 8-7129] Port In38[0] in module xlconcat_v2_1_4_xlconcat is either unconnected or has no load
WARNING: [Synth 8-7129] Port In39[0] in module xlconcat_v2_1_4_xlconcat is either unconnected or has no load
WARNING: [Synth 8-7129] Port In40[0] in module xlconcat_v2_1_4_xlconcat is either unconnected or has no load
WARNING: [Synth 8-7129] Port In41[0] in module xlconcat_v2_1_4_xlconcat is either unconnected or has no load
WARNING: [Synth 8-7129] Port In42[0] in module xlconcat_v2_1_4_xlconcat is either unconnected or has no load
WARNING: [Synth 8-7129] Port In43[0] in module xlconcat_v2_1_4_xlconcat is either unconnected or has no load
WARNING: [Synth 8-7129] Port In44[0] in module xlconcat_v2_1_4_xlconcat is either unconnected or has no load
WARNING: [Synth 8-7129] Port In45[0] in module xlconcat_v2_1_4_xlconcat is either unconnected or has no load
WARNING: [Synth 8-7129] Port In46[0] in module xlconcat_v2_1_4_xlconcat is either unconnected or has no load
WARNING: [Synth 8-7129] Port In47[0] in module xlconcat_v2_1_4_xlconcat is either unconnected or has no load
WARNING: [Synth 8-7129] Port In48[0] in module xlconcat_v2_1_4_xlconcat is either unconnected or has no load
WARNING: [Synth 8-7129] Port In49[0] in module xlconcat_v2_1_4_xlconcat is either unconnected or has no load
WARNING: [Synth 8-7129] Port In50[0] in module xlconcat_v2_1_4_xlconcat is either unconnected or has no load
WARNING: [Synth 8-7129] Port In51[0] in module xlconcat_v2_1_4_xlconcat is either unconnected or has no load
WARNING: [Synth 8-7129] Port In52[0] in module xlconcat_v2_1_4_xlconcat is either unconnected or has no load
WARNING: [Synth 8-7129] Port In53[0] in module xlconcat_v2_1_4_xlconcat is either unconnected or has no load
WARNING: [Synth 8-7129] Port In54[0] in module xlconcat_v2_1_4_xlconcat is either unconnected or has no load
WARNING: [Synth 8-7129] Port In55[0] in module xlconcat_v2_1_4_xlconcat is either unconnected or has no load
WARNING: [Synth 8-7129] Port In56[0] in module xlconcat_v2_1_4_xlconcat is either unconnected or has no load
WARNING: [Synth 8-7129] Port In57[0] in module xlconcat_v2_1_4_xlconcat is either unconnected or has no load
WARNING: [Synth 8-7129] Port In58[0] in module xlconcat_v2_1_4_xlconcat is either unconnected or has no load
WARNING: [Synth 8-7129] Port In59[0] in module xlconcat_v2_1_4_xlconcat is either unconnected or has no load
WARNING: [Synth 8-7129] Port In60[0] in module xlconcat_v2_1_4_xlconcat is either unconnected or has no load
WARNING: [Synth 8-7129] Port In61[0] in module xlconcat_v2_1_4_xlconcat is either unconnected or has no load
WARNING: [Synth 8-7129] Port In62[0] in module xlconcat_v2_1_4_xlconcat is either unconnected or has no load
WARNING: [Synth 8-7129] Port In63[0] in module xlconcat_v2_1_4_xlconcat is either unconnected or has no load
WARNING: [Synth 8-7129] Port In64[0] in module xlconcat_v2_1_4_xlconcat is either unconnected or has no load
WARNING: [Synth 8-7129] Port In65[0] in module xlconcat_v2_1_4_xlconcat is either unconnected or has no load
WARNING: [Synth 8-7129] Port In66[0] in module xlconcat_v2_1_4_xlconcat is either unconnected or has no load
WARNING: [Synth 8-7129] Port In67[0] in module xlconcat_v2_1_4_xlconcat is either unconnected or has no load
WARNING: [Synth 8-7129] Port In68[0] in module xlconcat_v2_1_4_xlconcat is either unconnected or has no load
WARNING: [Synth 8-7129] Port In69[0] in module xlconcat_v2_1_4_xlconcat is either unconnected or has no load
WARNING: [Synth 8-7129] Port In70[0] in module xlconcat_v2_1_4_xlconcat is either unconnected or has no load
WARNING: [Synth 8-7129] Port In71[0] in module xlconcat_v2_1_4_xlconcat is either unconnected or has no load
WARNING: [Synth 8-7129] Port In72[0] in module xlconcat_v2_1_4_xlconcat is either unconnected or has no load
WARNING: [Synth 8-7129] Port In73[0] in module xlconcat_v2_1_4_xlconcat is either unconnected or has no load
WARNING: [Synth 8-7129] Port In74[0] in module xlconcat_v2_1_4_xlconcat is either unconnected or has no load
WARNING: [Synth 8-7129] Port In75[0] in module xlconcat_v2_1_4_xlconcat is either unconnected or has no load
WARNING: [Synth 8-7129] Port In76[0] in module xlconcat_v2_1_4_xlconcat is either unconnected or has no load
WARNING: [Synth 8-7129] Port In77[0] in module xlconcat_v2_1_4_xlconcat is either unconnected or has no load
WARNING: [Synth 8-7129] Port In78[0] in module xlconcat_v2_1_4_xlconcat is either unconnected or has no load
WARNING: [Synth 8-7129] Port In79[0] in module xlconcat_v2_1_4_xlconcat is either unconnected or has no load
WARNING: [Synth 8-7129] Port In80[0] in module xlconcat_v2_1_4_xlconcat is either unconnected or has no load
WARNING: [Synth 8-7129] Port In81[0] in module xlconcat_v2_1_4_xlconcat is either unconnected or has no load
WARNING: [Synth 8-7129] Port In82[0] in module xlconcat_v2_1_4_xlconcat is either unconnected or has no load
WARNING: [Synth 8-7129] Port In83[0] in module xlconcat_v2_1_4_xlconcat is either unconnected or has no load
WARNING: [Synth 8-7129] Port In84[0] in module xlconcat_v2_1_4_xlconcat is either unconnected or has no load
WARNING: [Synth 8-7129] Port In85[0] in module xlconcat_v2_1_4_xlconcat is either unconnected or has no load
WARNING: [Synth 8-7129] Port In86[0] in module xlconcat_v2_1_4_xlconcat is either unconnected or has no load
WARNING: [Synth 8-7129] Port In87[0] in module xlconcat_v2_1_4_xlconcat is either unconnected or has no load
WARNING: [Synth 8-7129] Port In88[0] in module xlconcat_v2_1_4_xlconcat is either unconnected or has no load
WARNING: [Synth 8-7129] Port In89[0] in module xlconcat_v2_1_4_xlconcat is either unconnected or has no load
WARNING: [Synth 8-7129] Port In90[0] in module xlconcat_v2_1_4_xlconcat is either unconnected or has no load
WARNING: [Synth 8-7129] Port In91[0] in module xlconcat_v2_1_4_xlconcat is either unconnected or has no load
WARNING: [Synth 8-7129] Port In92[0] in module xlconcat_v2_1_4_xlconcat is either unconnected or has no load
WARNING: [Synth 8-7129] Port In93[0] in module xlconcat_v2_1_4_xlconcat is either unconnected or has no load
WARNING: [Synth 8-7129] Port In94[0] in module xlconcat_v2_1_4_xlconcat is either unconnected or has no load
WARNING: [Synth 8-7129] Port In95[0] in module xlconcat_v2_1_4_xlconcat is either unconnected or has no load
WARNING: [Synth 8-7129] Port In96[0] in module xlconcat_v2_1_4_xlconcat is either unconnected or has no load
WARNING: [Synth 8-7129] Port In97[0] in module xlconcat_v2_1_4_xlconcat is either unconnected or has no load
WARNING: [Synth 8-7129] Port In98[0] in module xlconcat_v2_1_4_xlconcat is either unconnected or has no load
WARNING: [Synth 8-7129] Port In99[0] in module xlconcat_v2_1_4_xlconcat is either unconnected or has no load
WARNING: [Synth 8-7129] Port In100[0] in module xlconcat_v2_1_4_xlconcat is either unconnected or has no load
WARNING: [Synth 8-7129] Port In101[0] in module xlconcat_v2_1_4_xlconcat is either unconnected or has no load
WARNING: [Synth 8-7129] Port In102[0] in module xlconcat_v2_1_4_xlconcat is either unconnected or has no load
WARNING: [Synth 8-7129] Port In103[0] in module xlconcat_v2_1_4_xlconcat is either unconnected or has no load
INFO: [Common 17-14] Message 'Synth 8-7129' appears 100 times and further instances of the messages will be disabled. Use the Tcl command set_msg_config to change the current settings.
---------------------------------------------------------------------------------
Finished RTL Elaboration : Time (s): cpu = 00:00:06 ; elapsed = 00:00:06 . Memory (MB): peak = 2813.504 ; gain = 458.895
---------------------------------------------------------------------------------
---------------------------------------------------------------------------------
Start Handling Custom Attributes
---------------------------------------------------------------------------------
---------------------------------------------------------------------------------
Finished Handling Custom Attributes : Time (s): cpu = 00:00:06 ; elapsed = 00:00:06 . Memory (MB): peak = 2831.414 ; gain = 476.805
---------------------------------------------------------------------------------
---------------------------------------------------------------------------------
Finished RTL Optimization Phase 1 : Time (s): cpu = 00:00:06 ; elapsed = 00:00:06 . Memory (MB): peak = 2831.414 ; gain = 476.805
---------------------------------------------------------------------------------
Netlist sorting complete. Time (s): cpu = 00:00:00 ; elapsed = 00:00:00.044 . Memory (MB): peak = 2831.414 ; gain = 0.000
INFO: [Project 1-570] Preparing netlist for logic optimization

Processing XDC Constraints
Initializing timing engine
Parsing XDC File [c:/Work/FPGA/RFSoC-MTS/boards/RFSoC4x2/build_mts/mts/mts.gen/sources_1/bd/mts/ip/mts_BUFG_PL_CLK_0/mts_BUFG_PL_CLK_0/mts_BUFG_PL_CLK_0_in_context.xdc] for cell 'mts_i/clocktreeMTS/BUFG_PL_CLK'
Finished Parsing XDC File [c:/Work/FPGA/RFSoC-MTS/boards/RFSoC4x2/build_mts/mts/mts.gen/sources_1/bd/mts/ip/mts_BUFG_PL_CLK_0/mts_BUFG_PL_CLK_0/mts_BUFG_PL_CLK_0_in_context.xdc] for cell 'mts_i/clocktreeMTS/BUFG_PL_CLK'
Parsing XDC File [c:/Work/FPGA/RFSoC-MTS/boards/RFSoC4x2/build_mts/mts/mts.gen/sources_1/bd/mts/ip/mts_MTSclkwiz_0/mts_MTSclkwiz_0/mts_MTSclkwiz_0_in_context.xdc] for cell 'mts_i/clocktreeMTS/MTSclkwiz'
Finished Parsing XDC File [c:/Work/FPGA/RFSoC-MTS/boards/RFSoC4x2/build_mts/mts/mts.gen/sources_1/bd/mts/ip/mts_MTSclkwiz_0/mts_MTSclkwiz_0/mts_MTSclkwiz_0_in_context.xdc] for cell 'mts_i/clocktreeMTS/MTSclkwiz'
Parsing XDC File [c:/Work/FPGA/RFSoC-MTS/boards/RFSoC4x2/build_mts/mts/mts.gen/sources_1/bd/mts/ip/mts_PSreset_control_0/mts_PSreset_control_0/mts_PSreset_control_0_in_context.xdc] for cell 'mts_i/clocktreeMTS/PSreset_control'
Finished Parsing XDC File [c:/Work/FPGA/RFSoC-MTS/boards/RFSoC4x2/build_mts/mts/mts.gen/sources_1/bd/mts/ip/mts_PSreset_control_0/mts_PSreset_control_0/mts_PSreset_control_0_in_context.xdc] for cell 'mts_i/clocktreeMTS/PSreset_control'
Parsing XDC File [c:/Work/FPGA/RFSoC-MTS/boards/RFSoC4x2/build_mts/mts/mts.gen/sources_1/bd/mts/ip/mts_RFegressReset_0/mts_RFegressReset_0/mts_RFegressReset_0_in_context.xdc] for cell 'mts_i/clocktreeMTS/RFegressReset'
Finished Parsing XDC File [c:/Work/FPGA/RFSoC-MTS/boards/RFSoC4x2/build_mts/mts/mts.gen/sources_1/bd/mts/ip/mts_RFegressReset_0/mts_RFegressReset_0/mts_RFegressReset_0_in_context.xdc] for cell 'mts_i/clocktreeMTS/RFegressReset'
Parsing XDC File [c:/Work/FPGA/RFSoC-MTS/boards/RFSoC4x2/build_mts/mts/mts.gen/sources_1/bd/mts/ip/mts_RFingressReset_0/mts_RFingressReset_0/mts_RFingressReset_0_in_context.xdc] for cell 'mts_i/clocktreeMTS/RFingressReset'
Finished Parsing XDC File [c:/Work/FPGA/RFSoC-MTS/boards/RFSoC4x2/build_mts/mts/mts.gen/sources_1/bd/mts/ip/mts_RFingressReset_0/mts_RFingressReset_0/mts_RFingressReset_0_in_context.xdc] for cell 'mts_i/clocktreeMTS/RFingressReset'
Parsing XDC File [c:/Work/FPGA/RFSoC-MTS/boards/RFSoC4x2/build_mts/mts/mts.gen/sources_1/bd/mts/ip/mts_synchronizeSYSREF_0/mts_synchronizeSYSREF_0/mts_synchronizeSYSREF_0_in_context.xdc] for cell 'mts_i/clocktreeMTS/synchronizeSYSREF'
Finished Parsing XDC File [c:/Work/FPGA/RFSoC-MTS/boards/RFSoC4x2/build_mts/mts/mts.gen/sources_1/bd/mts/ip/mts_synchronizeSYSREF_0/mts_synchronizeSYSREF_0/mts_synchronizeSYSREF_0_in_context.xdc] for cell 'mts_i/clocktreeMTS/synchronizeSYSREF'
Parsing XDC File [c:/Work/FPGA/RFSoC-MTS/boards/RFSoC4x2/build_mts/mts/mts.gen/sources_1/bd/mts/ip/mts_xbar_0/mts_xbar_0/mts_xbar_0_in_context.xdc] for cell 'mts_i/control_interconnect/xbar'
Finished Parsing XDC File [c:/Work/FPGA/RFSoC-MTS/boards/RFSoC4x2/build_mts/mts/mts.gen/sources_1/bd/mts/ip/mts_xbar_0/mts_xbar_0/mts_xbar_0_in_context.xdc] for cell 'mts_i/control_interconnect/xbar'
Parsing XDC File [c:/Work/FPGA/RFSoC-MTS/boards/RFSoC4x2/build_mts/mts/mts.gen/sources_1/bd/mts/ip/mts_auto_pc_0/mts_auto_pc_0/mts_auto_pc_0_in_context.xdc] for cell 'mts_i/control_interconnect/s00_couplers/auto_pc'
Finished Parsing XDC File [c:/Work/FPGA/RFSoC-MTS/boards/RFSoC4x2/build_mts/mts/mts.gen/sources_1/bd/mts/ip/mts_auto_pc_0/mts_auto_pc_0/mts_auto_pc_0_in_context.xdc] for cell 'mts_i/control_interconnect/s00_couplers/auto_pc'
Parsing XDC File [c:/Work/FPGA/RFSoC-MTS/boards/RFSoC4x2/build_mts/mts/mts.gen/sources_1/bd/mts/ip/mts_axi_gpio_bram_adc_0/mts_axi_gpio_bram_adc_0/mts_axi_gpio_bram_adc_0_in_context.xdc] for cell 'mts_i/gpio_control/axi_gpio_bram_adc'
Finished Parsing XDC File [c:/Work/FPGA/RFSoC-MTS/boards/RFSoC4x2/build_mts/mts/mts.gen/sources_1/bd/mts/ip/mts_axi_gpio_bram_adc_0/mts_axi_gpio_bram_adc_0/mts_axi_gpio_bram_adc_0_in_context.xdc] for cell 'mts_i/gpio_control/axi_gpio_bram_adc'
Parsing XDC File [c:/Work/FPGA/RFSoC-MTS/boards/RFSoC4x2/build_mts/mts/mts.gen/sources_1/bd/mts/ip/mts_axi_gpio_dac_0/mts_axi_gpio_dac_0/mts_axi_gpio_bram_adc_0_in_context.xdc] for cell 'mts_i/gpio_control/axi_gpio_dac'
Finished Parsing XDC File [c:/Work/FPGA/RFSoC-MTS/boards/RFSoC4x2/build_mts/mts/mts.gen/sources_1/bd/mts/ip/mts_axi_gpio_dac_0/mts_axi_gpio_dac_0/mts_axi_gpio_bram_adc_0_in_context.xdc] for cell 'mts_i/gpio_control/axi_gpio_dac'
Parsing XDC File [c:/Work/FPGA/RFSoC-MTS/boards/RFSoC4x2/build_mts/mts/mts.gen/sources_1/bd/mts/ip/mts_axi_gpio_fifoflush_0/mts_axi_gpio_fifoflush_0/mts_axi_gpio_bram_adc_0_in_context.xdc] for cell 'mts_i/gpio_control/axi_gpio_fifoflush'
Finished Parsing XDC File [c:/Work/FPGA/RFSoC-MTS/boards/RFSoC4x2/build_mts/mts/mts.gen/sources_1/bd/mts/ip/mts_axi_gpio_fifoflush_0/mts_axi_gpio_fifoflush_0/mts_axi_gpio_bram_adc_0_in_context.xdc] for cell 'mts_i/gpio_control/axi_gpio_fifoflush'
Parsing XDC File [c:/Work/FPGA/RFSoC-MTS/boards/RFSoC4x2/build_mts/mts/mts.gen/sources_1/bd/mts/ip/mts_xpm_cdc_gen_0_0/mts_xpm_cdc_gen_0_0/mts_xpm_cdc_gen_0_0_in_context.xdc] for cell 'mts_i/gpio_control/xpm_cdc_gen_0'
Finished Parsing XDC File [c:/Work/FPGA/RFSoC-MTS/boards/RFSoC4x2/build_mts/mts/mts.gen/sources_1/bd/mts/ip/mts_xpm_cdc_gen_0_0/mts_xpm_cdc_gen_0_0/mts_xpm_cdc_gen_0_0_in_context.xdc] for cell 'mts_i/gpio_control/xpm_cdc_gen_0'
Parsing XDC File [c:/Work/FPGA/RFSoC-MTS/boards/RFSoC4x2/build_mts/mts/mts.gen/sources_1/bd/mts/ip/mts_system_management_wiz_0_0/mts_system_management_wiz_0_0/mts_system_management_wiz_0_0_in_context.xdc] for cell 'mts_i/system_management_wiz_0'
Finished Parsing XDC File [c:/Work/FPGA/RFSoC-MTS/boards/RFSoC4x2/build_mts/mts/mts.gen/sources_1/bd/mts/ip/mts_system_management_wiz_0_0/mts_system_management_wiz_0_0/mts_system_management_wiz_0_0_in_context.xdc] for cell 'mts_i/system_management_wiz_0'
Parsing XDC File [c:/Work/FPGA/RFSoC-MTS/boards/RFSoC4x2/build_mts/mts/mts.gen/sources_1/bd/mts/ip/mts_usp_rf_data_converter_1_0/mts_usp_rf_data_converter_1_0/mts_usp_rf_data_converter_1_0_in_context.xdc] for cell 'mts_i/usp_rf_data_converter_1'
Finished Parsing XDC File [c:/Work/FPGA/RFSoC-MTS/boards/RFSoC4x2/build_mts/mts/mts.gen/sources_1/bd/mts/ip/mts_usp_rf_data_converter_1_0/mts_usp_rf_data_converter_1_0/mts_usp_rf_data_converter_1_0_in_context.xdc] for cell 'mts_i/usp_rf_data_converter_1'
Parsing XDC File [c:/Work/FPGA/RFSoC-MTS/boards/RFSoC4x2/build_mts/mts/mts.gen/sources_1/bd/mts/ip/mts_zynq_ultra_ps_e_0_0/mts_zynq_ultra_ps_e_0_0/mts_zynq_ultra_ps_e_0_0_in_context.xdc] for cell 'mts_i/zynq_ultra_ps_e_0'
Finished Parsing XDC File [c:/Work/FPGA/RFSoC-MTS/boards/RFSoC4x2/build_mts/mts/mts.gen/sources_1/bd/mts/ip/mts_zynq_ultra_ps_e_0_0/mts_zynq_ultra_ps_e_0_0/mts_zynq_ultra_ps_e_0_0_in_context.xdc] for cell 'mts_i/zynq_ultra_ps_e_0'
Parsing XDC File [c:/Work/FPGA/RFSoC-MTS/boards/RFSoC4x2/build_mts/mts/mts.gen/sources_1/bd/mts/ip/mts_IQ_product_0_0/mts_IQ_product_0_0/mts_IQ_product_0_0_in_context.xdc] for cell 'mts_i/IQ_product_0'
Finished Parsing XDC File [c:/Work/FPGA/RFSoC-MTS/boards/RFSoC4x2/build_mts/mts/mts.gen/sources_1/bd/mts/ip/mts_IQ_product_0_0/mts_IQ_product_0_0/mts_IQ_product_0_0_in_context.xdc] for cell 'mts_i/IQ_product_0'
Parsing XDC File [c:/Work/FPGA/RFSoC-MTS/boards/RFSoC4x2/build_mts/mts/mts.gen/sources_1/bd/mts/ip/mts_ila_0_0/mts_ila_0_0/mts_ila_0_0_in_context.xdc] for cell 'mts_i/ila_0'
Finished Parsing XDC File [c:/Work/FPGA/RFSoC-MTS/boards/RFSoC4x2/build_mts/mts/mts.gen/sources_1/bd/mts/ip/mts_ila_0_0/mts_ila_0_0/mts_ila_0_0_in_context.xdc] for cell 'mts_i/ila_0'
Parsing XDC File [c:/Work/FPGA/RFSoC-MTS/boards/RFSoC4x2/build_mts/mts/mts.gen/sources_1/bd/mts/ip/mts_c_counter_binary_0_0/mts_c_counter_binary_0_0/mts_c_counter_binary_0_0_in_context.xdc] for cell 'mts_i/c_counter_binary_0'
Finished Parsing XDC File [c:/Work/FPGA/RFSoC-MTS/boards/RFSoC4x2/build_mts/mts/mts.gen/sources_1/bd/mts/ip/mts_c_counter_binary_0_0/mts_c_counter_binary_0_0/mts_c_counter_binary_0_0_in_context.xdc] for cell 'mts_i/c_counter_binary_0'
Parsing XDC File [c:/Work/FPGA/RFSoC-MTS/boards/RFSoC4x2/build_mts/mts/mts.gen/sources_1/bd/mts/ip/mts_blk_mem_gen_0_5/mts_blk_mem_gen_0_5/mts_blk_mem_gen_0_5_in_context.xdc] for cell 'mts_i/blk_mem_gen_1'
Finished Parsing XDC File [c:/Work/FPGA/RFSoC-MTS/boards/RFSoC4x2/build_mts/mts/mts.gen/sources_1/bd/mts/ip/mts_blk_mem_gen_0_5/mts_blk_mem_gen_0_5/mts_blk_mem_gen_0_5_in_context.xdc] for cell 'mts_i/blk_mem_gen_1'
Parsing XDC File [c:/Work/FPGA/RFSoC-MTS/boards/RFSoC4x2/build_mts/mts/mts.gen/sources_1/bd/mts/ip/mts_vio_0_0/mts_vio_0_0/mts_vio_0_0_in_context.xdc] for cell 'mts_i/vio_0'
Finished Parsing XDC File [c:/Work/FPGA/RFSoC-MTS/boards/RFSoC4x2/build_mts/mts/mts.gen/sources_1/bd/mts/ip/mts_vio_0_0/mts_vio_0_0/mts_vio_0_0_in_context.xdc] for cell 'mts_i/vio_0'
Parsing XDC File [C:/Work/FPGA/RFSoC-MTS/boards/RFSoC4x2/build_mts/mts.xdc]
WARNING: [Vivado 12-584] No ports matched 'sys_clk_ddr4_clk_p'. [C:/Work/FPGA/RFSoC-MTS/boards/RFSoC4x2/build_mts/mts.xdc:15]
WARNING: [Vivado 12-584] No ports matched 'ddr4_pl_adr[0]'. [C:/Work/FPGA/RFSoC-MTS/boards/RFSoC4x2/build_mts/mts.xdc:16]
WARNING: [Vivado 12-584] No ports matched 'ddr4_pl_adr[1]'. [C:/Work/FPGA/RFSoC-MTS/boards/RFSoC4x2/build_mts/mts.xdc:17]
WARNING: [Vivado 12-584] No ports matched 'ddr4_pl_adr[2]'. [C:/Work/FPGA/RFSoC-MTS/boards/RFSoC4x2/build_mts/mts.xdc:18]
WARNING: [Vivado 12-584] No ports matched 'ddr4_pl_adr[3]'. [C:/Work/FPGA/RFSoC-MTS/boards/RFSoC4x2/build_mts/mts.xdc:19]
WARNING: [Vivado 12-584] No ports matched 'ddr4_pl_adr[4]'. [C:/Work/FPGA/RFSoC-MTS/boards/RFSoC4x2/build_mts/mts.xdc:20]
WARNING: [Vivado 12-584] No ports matched 'ddr4_pl_adr[5]'. [C:/Work/FPGA/RFSoC-MTS/boards/RFSoC4x2/build_mts/mts.xdc:21]
WARNING: [Vivado 12-584] No ports matched 'ddr4_pl_adr[6]'. [C:/Work/FPGA/RFSoC-MTS/boards/RFSoC4x2/build_mts/mts.xdc:22]
WARNING: [Vivado 12-584] No ports matched 'ddr4_pl_adr[7]'. [C:/Work/FPGA/RFSoC-MTS/boards/RFSoC4x2/build_mts/mts.xdc:23]
WARNING: [Vivado 12-584] No ports matched 'ddr4_pl_adr[8]'. [C:/Work/FPGA/RFSoC-MTS/boards/RFSoC4x2/build_mts/mts.xdc:24]
WARNING: [Vivado 12-584] No ports matched 'ddr4_pl_adr[9]'. [C:/Work/FPGA/RFSoC-MTS/boards/RFSoC4x2/build_mts/mts.xdc:25]
WARNING: [Vivado 12-584] No ports matched 'ddr4_pl_adr[10]'. [C:/Work/FPGA/RFSoC-MTS/boards/RFSoC4x2/build_mts/mts.xdc:26]
WARNING: [Vivado 12-584] No ports matched 'ddr4_pl_adr[11]'. [C:/Work/FPGA/RFSoC-MTS/boards/RFSoC4x2/build_mts/mts.xdc:27]
WARNING: [Vivado 12-584] No ports matched 'ddr4_pl_adr[12]'. [C:/Work/FPGA/RFSoC-MTS/boards/RFSoC4x2/build_mts/mts.xdc:28]
WARNING: [Vivado 12-584] No ports matched 'ddr4_pl_adr[13]'. [C:/Work/FPGA/RFSoC-MTS/boards/RFSoC4x2/build_mts/mts.xdc:29]
WARNING: [Vivado 12-584] No ports matched 'ddr4_pl_adr[14]'. [C:/Work/FPGA/RFSoC-MTS/boards/RFSoC4x2/build_mts/mts.xdc:30]
WARNING: [Vivado 12-584] No ports matched 'ddr4_pl_adr[15]'. [C:/Work/FPGA/RFSoC-MTS/boards/RFSoC4x2/build_mts/mts.xdc:31]
WARNING: [Vivado 12-584] No ports matched 'ddr4_pl_adr[16]'. [C:/Work/FPGA/RFSoC-MTS/boards/RFSoC4x2/build_mts/mts.xdc:32]
WARNING: [Vivado 12-584] No ports matched 'ddr4_pl_act_n'. [C:/Work/FPGA/RFSoC-MTS/boards/RFSoC4x2/build_mts/mts.xdc:33]
WARNING: [Vivado 12-584] No ports matched 'ddr4_pl_ba[0]'. [C:/Work/FPGA/RFSoC-MTS/boards/RFSoC4x2/build_mts/mts.xdc:34]
WARNING: [Vivado 12-584] No ports matched 'ddr4_pl_ba[1]'. [C:/Work/FPGA/RFSoC-MTS/boards/RFSoC4x2/build_mts/mts.xdc:35]
WARNING: [Vivado 12-584] No ports matched 'ddr4_pl_bg[0]'. [C:/Work/FPGA/RFSoC-MTS/boards/RFSoC4x2/build_mts/mts.xdc:36]
WARNING: [Vivado 12-584] No ports matched 'ddr4_pl_ck_c[0]'. [C:/Work/FPGA/RFSoC-MTS/boards/RFSoC4x2/build_mts/mts.xdc:37]
WARNING: [Vivado 12-584] No ports matched 'ddr4_pl_ck_t[0]'. [C:/Work/FPGA/RFSoC-MTS/boards/RFSoC4x2/build_mts/mts.xdc:38]
WARNING: [Vivado 12-584] No ports matched 'ddr4_pl_cke[0]'. [C:/Work/FPGA/RFSoC-MTS/boards/RFSoC4x2/build_mts/mts.xdc:39]
WARNING: [Vivado 12-584] No ports matched 'ddr4_pl_cs_n[0]'. [C:/Work/FPGA/RFSoC-MTS/boards/RFSoC4x2/build_mts/mts.xdc:40]
WARNING: [Vivado 12-584] No ports matched 'ddr4_pl_dm_n[0]'. [C:/Work/FPGA/RFSoC-MTS/boards/RFSoC4x2/build_mts/mts.xdc:41]
WARNING: [Vivado 12-584] No ports matched 'ddr4_pl_dm_n[1]'. [C:/Work/FPGA/RFSoC-MTS/boards/RFSoC4x2/build_mts/mts.xdc:42]
WARNING: [Vivado 12-584] No ports matched 'ddr4_pl_dm_n[2]'. [C:/Work/FPGA/RFSoC-MTS/boards/RFSoC4x2/build_mts/mts.xdc:43]
WARNING: [Vivado 12-584] No ports matched 'ddr4_pl_dm_n[3]'. [C:/Work/FPGA/RFSoC-MTS/boards/RFSoC4x2/build_mts/mts.xdc:44]
WARNING: [Vivado 12-584] No ports matched 'ddr4_pl_dm_n[4]'. [C:/Work/FPGA/RFSoC-MTS/boards/RFSoC4x2/build_mts/mts.xdc:45]
WARNING: [Vivado 12-584] No ports matched 'ddr4_pl_dm_n[5]'. [C:/Work/FPGA/RFSoC-MTS/boards/RFSoC4x2/build_mts/mts.xdc:46]
WARNING: [Vivado 12-584] No ports matched 'ddr4_pl_dm_n[6]'. [C:/Work/FPGA/RFSoC-MTS/boards/RFSoC4x2/build_mts/mts.xdc:47]
WARNING: [Vivado 12-584] No ports matched 'ddr4_pl_dm_n[7]'. [C:/Work/FPGA/RFSoC-MTS/boards/RFSoC4x2/build_mts/mts.xdc:48]
WARNING: [Vivado 12-584] No ports matched 'ddr4_pl_dq[0]'. [C:/Work/FPGA/RFSoC-MTS/boards/RFSoC4x2/build_mts/mts.xdc:49]
WARNING: [Vivado 12-584] No ports matched 'ddr4_pl_dq[1]'. [C:/Work/FPGA/RFSoC-MTS/boards/RFSoC4x2/build_mts/mts.xdc:50]
WARNING: [Vivado 12-584] No ports matched 'ddr4_pl_dq[2]'. [C:/Work/FPGA/RFSoC-MTS/boards/RFSoC4x2/build_mts/mts.xdc:51]
WARNING: [Vivado 12-584] No ports matched 'ddr4_pl_dq[3]'. [C:/Work/FPGA/RFSoC-MTS/boards/RFSoC4x2/build_mts/mts.xdc:52]
WARNING: [Vivado 12-584] No ports matched 'ddr4_pl_dq[4]'. [C:/Work/FPGA/RFSoC-MTS/boards/RFSoC4x2/build_mts/mts.xdc:53]
WARNING: [Vivado 12-584] No ports matched 'ddr4_pl_dq[5]'. [C:/Work/FPGA/RFSoC-MTS/boards/RFSoC4x2/build_mts/mts.xdc:54]
WARNING: [Vivado 12-584] No ports matched 'ddr4_pl_dq[6]'. [C:/Work/FPGA/RFSoC-MTS/boards/RFSoC4x2/build_mts/mts.xdc:55]
WARNING: [Vivado 12-584] No ports matched 'ddr4_pl_dq[7]'. [C:/Work/FPGA/RFSoC-MTS/boards/RFSoC4x2/build_mts/mts.xdc:56]
WARNING: [Vivado 12-584] No ports matched 'ddr4_pl_dq[8]'. [C:/Work/FPGA/RFSoC-MTS/boards/RFSoC4x2/build_mts/mts.xdc:57]
WARNING: [Vivado 12-584] No ports matched 'ddr4_pl_dq[9]'. [C:/Work/FPGA/RFSoC-MTS/boards/RFSoC4x2/build_mts/mts.xdc:58]
WARNING: [Vivado 12-584] No ports matched 'ddr4_pl_dq[10]'. [C:/Work/FPGA/RFSoC-MTS/boards/RFSoC4x2/build_mts/mts.xdc:59]
WARNING: [Vivado 12-584] No ports matched 'ddr4_pl_dq[11]'. [C:/Work/FPGA/RFSoC-MTS/boards/RFSoC4x2/build_mts/mts.xdc:60]
WARNING: [Vivado 12-584] No ports matched 'ddr4_pl_dq[12]'. [C:/Work/FPGA/RFSoC-MTS/boards/RFSoC4x2/build_mts/mts.xdc:61]
WARNING: [Vivado 12-584] No ports matched 'ddr4_pl_dq[13]'. [C:/Work/FPGA/RFSoC-MTS/boards/RFSoC4x2/build_mts/mts.xdc:62]
WARNING: [Vivado 12-584] No ports matched 'ddr4_pl_dq[14]'. [C:/Work/FPGA/RFSoC-MTS/boards/RFSoC4x2/build_mts/mts.xdc:63]
WARNING: [Vivado 12-584] No ports matched 'ddr4_pl_dq[15]'. [C:/Work/FPGA/RFSoC-MTS/boards/RFSoC4x2/build_mts/mts.xdc:64]
WARNING: [Vivado 12-584] No ports matched 'ddr4_pl_dq[16]'. [C:/Work/FPGA/RFSoC-MTS/boards/RFSoC4x2/build_mts/mts.xdc:65]
WARNING: [Vivado 12-584] No ports matched 'ddr4_pl_dq[17]'. [C:/Work/FPGA/RFSoC-MTS/boards/RFSoC4x2/build_mts/mts.xdc:66]
WARNING: [Vivado 12-584] No ports matched 'ddr4_pl_dq[18]'. [C:/Work/FPGA/RFSoC-MTS/boards/RFSoC4x2/build_mts/mts.xdc:67]
WARNING: [Vivado 12-584] No ports matched 'ddr4_pl_dq[19]'. [C:/Work/FPGA/RFSoC-MTS/boards/RFSoC4x2/build_mts/mts.xdc:68]
WARNING: [Vivado 12-584] No ports matched 'ddr4_pl_dq[20]'. [C:/Work/FPGA/RFSoC-MTS/boards/RFSoC4x2/build_mts/mts.xdc:69]
WARNING: [Vivado 12-584] No ports matched 'ddr4_pl_dq[21]'. [C:/Work/FPGA/RFSoC-MTS/boards/RFSoC4x2/build_mts/mts.xdc:70]
WARNING: [Vivado 12-584] No ports matched 'ddr4_pl_dq[22]'. [C:/Work/FPGA/RFSoC-MTS/boards/RFSoC4x2/build_mts/mts.xdc:71]
WARNING: [Vivado 12-584] No ports matched 'ddr4_pl_dq[23]'. [C:/Work/FPGA/RFSoC-MTS/boards/RFSoC4x2/build_mts/mts.xdc:72]
WARNING: [Vivado 12-584] No ports matched 'ddr4_pl_dq[24]'. [C:/Work/FPGA/RFSoC-MTS/boards/RFSoC4x2/build_mts/mts.xdc:73]
WARNING: [Vivado 12-584] No ports matched 'ddr4_pl_dq[25]'. [C:/Work/FPGA/RFSoC-MTS/boards/RFSoC4x2/build_mts/mts.xdc:74]
WARNING: [Vivado 12-584] No ports matched 'ddr4_pl_dq[26]'. [C:/Work/FPGA/RFSoC-MTS/boards/RFSoC4x2/build_mts/mts.xdc:75]
WARNING: [Vivado 12-584] No ports matched 'ddr4_pl_dq[27]'. [C:/Work/FPGA/RFSoC-MTS/boards/RFSoC4x2/build_mts/mts.xdc:76]
WARNING: [Vivado 12-584] No ports matched 'ddr4_pl_dq[28]'. [C:/Work/FPGA/RFSoC-MTS/boards/RFSoC4x2/build_mts/mts.xdc:77]
WARNING: [Vivado 12-584] No ports matched 'ddr4_pl_dq[29]'. [C:/Work/FPGA/RFSoC-MTS/boards/RFSoC4x2/build_mts/mts.xdc:78]
WARNING: [Vivado 12-584] No ports matched 'ddr4_pl_dq[30]'. [C:/Work/FPGA/RFSoC-MTS/boards/RFSoC4x2/build_mts/mts.xdc:79]
WARNING: [Vivado 12-584] No ports matched 'ddr4_pl_dq[31]'. [C:/Work/FPGA/RFSoC-MTS/boards/RFSoC4x2/build_mts/mts.xdc:80]
WARNING: [Vivado 12-584] No ports matched 'ddr4_pl_dq[32]'. [C:/Work/FPGA/RFSoC-MTS/boards/RFSoC4x2/build_mts/mts.xdc:81]
WARNING: [Vivado 12-584] No ports matched 'ddr4_pl_dq[33]'. [C:/Work/FPGA/RFSoC-MTS/boards/RFSoC4x2/build_mts/mts.xdc:82]
WARNING: [Vivado 12-584] No ports matched 'ddr4_pl_dq[34]'. [C:/Work/FPGA/RFSoC-MTS/boards/RFSoC4x2/build_mts/mts.xdc:83]
WARNING: [Vivado 12-584] No ports matched 'ddr4_pl_dq[35]'. [C:/Work/FPGA/RFSoC-MTS/boards/RFSoC4x2/build_mts/mts.xdc:84]
WARNING: [Vivado 12-584] No ports matched 'ddr4_pl_dq[36]'. [C:/Work/FPGA/RFSoC-MTS/boards/RFSoC4x2/build_mts/mts.xdc:85]
WARNING: [Vivado 12-584] No ports matched 'ddr4_pl_dq[37]'. [C:/Work/FPGA/RFSoC-MTS/boards/RFSoC4x2/build_mts/mts.xdc:86]
WARNING: [Vivado 12-584] No ports matched 'ddr4_pl_dq[38]'. [C:/Work/FPGA/RFSoC-MTS/boards/RFSoC4x2/build_mts/mts.xdc:87]
WARNING: [Vivado 12-584] No ports matched 'ddr4_pl_dq[39]'. [C:/Work/FPGA/RFSoC-MTS/boards/RFSoC4x2/build_mts/mts.xdc:88]
WARNING: [Vivado 12-584] No ports matched 'ddr4_pl_dq[40]'. [C:/Work/FPGA/RFSoC-MTS/boards/RFSoC4x2/build_mts/mts.xdc:89]
WARNING: [Vivado 12-584] No ports matched 'ddr4_pl_dq[41]'. [C:/Work/FPGA/RFSoC-MTS/boards/RFSoC4x2/build_mts/mts.xdc:90]
WARNING: [Vivado 12-584] No ports matched 'ddr4_pl_dq[42]'. [C:/Work/FPGA/RFSoC-MTS/boards/RFSoC4x2/build_mts/mts.xdc:91]
WARNING: [Vivado 12-584] No ports matched 'ddr4_pl_dq[43]'. [C:/Work/FPGA/RFSoC-MTS/boards/RFSoC4x2/build_mts/mts.xdc:92]
WARNING: [Vivado 12-584] No ports matched 'ddr4_pl_dq[44]'. [C:/Work/FPGA/RFSoC-MTS/boards/RFSoC4x2/build_mts/mts.xdc:93]
WARNING: [Vivado 12-584] No ports matched 'ddr4_pl_dq[45]'. [C:/Work/FPGA/RFSoC-MTS/boards/RFSoC4x2/build_mts/mts.xdc:94]
WARNING: [Vivado 12-584] No ports matched 'ddr4_pl_dq[46]'. [C:/Work/FPGA/RFSoC-MTS/boards/RFSoC4x2/build_mts/mts.xdc:95]
WARNING: [Vivado 12-584] No ports matched 'ddr4_pl_dq[47]'. [C:/Work/FPGA/RFSoC-MTS/boards/RFSoC4x2/build_mts/mts.xdc:96]
WARNING: [Vivado 12-584] No ports matched 'ddr4_pl_dq[48]'. [C:/Work/FPGA/RFSoC-MTS/boards/RFSoC4x2/build_mts/mts.xdc:97]
WARNING: [Vivado 12-584] No ports matched 'ddr4_pl_dq[49]'. [C:/Work/FPGA/RFSoC-MTS/boards/RFSoC4x2/build_mts/mts.xdc:98]
WARNING: [Vivado 12-584] No ports matched 'ddr4_pl_dq[50]'. [C:/Work/FPGA/RFSoC-MTS/boards/RFSoC4x2/build_mts/mts.xdc:99]
WARNING: [Vivado 12-584] No ports matched 'ddr4_pl_dq[51]'. [C:/Work/FPGA/RFSoC-MTS/boards/RFSoC4x2/build_mts/mts.xdc:100]
WARNING: [Vivado 12-584] No ports matched 'ddr4_pl_dq[52]'. [C:/Work/FPGA/RFSoC-MTS/boards/RFSoC4x2/build_mts/mts.xdc:101]
WARNING: [Vivado 12-584] No ports matched 'ddr4_pl_dq[53]'. [C:/Work/FPGA/RFSoC-MTS/boards/RFSoC4x2/build_mts/mts.xdc:102]
WARNING: [Vivado 12-584] No ports matched 'ddr4_pl_dq[54]'. [C:/Work/FPGA/RFSoC-MTS/boards/RFSoC4x2/build_mts/mts.xdc:103]
WARNING: [Vivado 12-584] No ports matched 'ddr4_pl_dq[55]'. [C:/Work/FPGA/RFSoC-MTS/boards/RFSoC4x2/build_mts/mts.xdc:104]
WARNING: [Vivado 12-584] No ports matched 'ddr4_pl_dq[56]'. [C:/Work/FPGA/RFSoC-MTS/boards/RFSoC4x2/build_mts/mts.xdc:105]
WARNING: [Vivado 12-584] No ports matched 'ddr4_pl_dq[57]'. [C:/Work/FPGA/RFSoC-MTS/boards/RFSoC4x2/build_mts/mts.xdc:106]
WARNING: [Vivado 12-584] No ports matched 'ddr4_pl_dq[58]'. [C:/Work/FPGA/RFSoC-MTS/boards/RFSoC4x2/build_mts/mts.xdc:107]
WARNING: [Vivado 12-584] No ports matched 'ddr4_pl_dq[59]'. [C:/Work/FPGA/RFSoC-MTS/boards/RFSoC4x2/build_mts/mts.xdc:108]
WARNING: [Vivado 12-584] No ports matched 'ddr4_pl_dq[60]'. [C:/Work/FPGA/RFSoC-MTS/boards/RFSoC4x2/build_mts/mts.xdc:109]
WARNING: [Vivado 12-584] No ports matched 'ddr4_pl_dq[61]'. [C:/Work/FPGA/RFSoC-MTS/boards/RFSoC4x2/build_mts/mts.xdc:110]
WARNING: [Vivado 12-584] No ports matched 'ddr4_pl_dq[62]'. [C:/Work/FPGA/RFSoC-MTS/boards/RFSoC4x2/build_mts/mts.xdc:111]
WARNING: [Vivado 12-584] No ports matched 'ddr4_pl_dq[63]'. [C:/Work/FPGA/RFSoC-MTS/boards/RFSoC4x2/build_mts/mts.xdc:112]
WARNING: [Vivado 12-584] No ports matched 'ddr4_pl_dqs_c[0]'. [C:/Work/FPGA/RFSoC-MTS/boards/RFSoC4x2/build_mts/mts.xdc:113]
WARNING: [Vivado 12-584] No ports matched 'ddr4_pl_dqs_c[1]'. [C:/Work/FPGA/RFSoC-MTS/boards/RFSoC4x2/build_mts/mts.xdc:114]
INFO: [Common 17-14] Message 'Vivado 12-584' appears 100 times and further instances of the messages will be disabled. Use the Tcl command set_msg_config to change the current settings. [C:/Work/FPGA/RFSoC-MTS/boards/RFSoC4x2/build_mts/mts.xdc:114]
WARNING: [Vivado 12-180] No cells matched 'mts_i/ddr4_0'. [C:/Work/FPGA/RFSoC-MTS/boards/RFSoC4x2/build_mts/mts.xdc:151]
WARNING: [Vivado 12-180] No cells matched 'mts_i/ddr4_0'. [C:/Work/FPGA/RFSoC-MTS/boards/RFSoC4x2/build_mts/mts.xdc:152]
WARNING: [Vivado 12-180] No cells matched 'mts_i/ddr4_0/inst/u_ddr4_mem_intfc/u_ddr_mc/bgr[1].u_ddr_mc_group/txn_fifo_output_reg[*]'. [C:/Work/FPGA/RFSoC-MTS/boards/RFSoC4x2/build_mts/mts.xdc:153]
WARNING: [Vivado 12-180] No cells matched 'mts_i/ddr4_0/inst/u_ddr4_mem_intfc/u_ddr_mc/bgr[1].u_ddr_mc_group/cas_fifo_wptr[*]*'. [C:/Work/FPGA/RFSoC-MTS/boards/RFSoC4x2/build_mts/mts.xdc:154]
WARNING: [Vivado 12-180] No cells matched 'mts_i/usp_rf_data_converter_1/*'. [C:/Work/FPGA/RFSoC-MTS/boards/RFSoC4x2/build_mts/mts.xdc:157]
WARNING: [Vivado 12-180] No cells matched 'mts_i/usp_rf_data_converter_1/*'. [C:/Work/FPGA/RFSoC-MTS/boards/RFSoC4x2/build_mts/mts.xdc:158]
WARNING: [Vivado 12-180] No cells matched 'mts_i/hier_adc*_cap/axis_dwidth_converter_0/*'. [C:/Work/FPGA/RFSoC-MTS/boards/RFSoC4x2/build_mts/mts.xdc:159]
WARNING: [Vivado 12-180] No cells matched 'mts_i/hier_adc*_cap/axis_dwidth_converter_0/*'. [C:/Work/FPGA/RFSoC-MTS/boards/RFSoC4x2/build_mts/mts.xdc:160]
WARNING: [Vivado 12-180] No cells matched 'mts_i/deepCapture/*'. [C:/Work/FPGA/RFSoC-MTS/boards/RFSoC4x2/build_mts/mts.xdc:161]
WARNING: [Vivado 12-627] No clocks matched 'PL_CLK_clk'. [C:/Work/FPGA/RFSoC-MTS/boards/RFSoC4x2/build_mts/mts.xdc:169]
INFO: [Vivado 12-626] No clocks found. Please use 'create_clock' or 'create_generated_clock' command to create clocks. [C:/Work/FPGA/RFSoC-MTS/boards/RFSoC4x2/build_mts/mts.xdc:169]
WARNING: [Vivado 12-627] No clocks matched 'PL_CLK_clk'. [C:/Work/FPGA/RFSoC-MTS/boards/RFSoC4x2/build_mts/mts.xdc:170]
INFO: [Vivado 12-626] No clocks found. Please use 'create_clock' or 'create_generated_clock' command to create clocks. [C:/Work/FPGA/RFSoC-MTS/boards/RFSoC4x2/build_mts/mts.xdc:170]
WARNING: [Vivado 12-507] No nets matched 'mts_i/clocktreeMTS/BUFG_PL_CLK/U0/BUFG_O[0]'. [C:/Work/FPGA/RFSoC-MTS/boards/RFSoC4x2/build_mts/mts.xdc:171]
WARNING: [Vivado 12-508] No pins matched 'mts_i/gpio_control/axi_gpio_dac/U0/gpio_core_1/Not_Dual.gpio_Data_Out_reg[*]/C'. [C:/Work/FPGA/RFSoC-MTS/boards/RFSoC4x2/build_mts/mts.xdc:174]
WARNING: [Vivado 12-508] No pins matched 'mts_i/clocktreeMTS/RFegressReset/U0/ACTIVE_LOW_PR_OUT_DFF[*].*/C'. [C:/Work/FPGA/RFSoC-MTS/boards/RFSoC4x2/build_mts/mts.xdc:175]
WARNING: [Vivado 12-508] No pins matched 'mts_i/clocktreeMTS/synchronizeSYSREF/inst/xsingle/syncstages_ff_reg[1]/C'. [C:/Work/FPGA/RFSoC-MTS/boards/RFSoC4x2/build_mts/mts.xdc:178]
WARNING: [Vivado 12-508] No pins matched 'mts_i/clocktreeMTS/synchronizeSYSREF/inst/xsingle/src_ff_reg/C'. [C:/Work/FPGA/RFSoC-MTS/boards/RFSoC4x2/build_mts/mts.xdc:179]
Finished Parsing XDC File [C:/Work/FPGA/RFSoC-MTS/boards/RFSoC4x2/build_mts/mts.xdc]
WARNING: [Project 1-498] One or more constraints failed evaluation while reading constraint file [C:/Work/FPGA/RFSoC-MTS/boards/RFSoC4x2/build_mts/mts.xdc] and the design contains unresolved black boxes. These constraints will be read post-synthesis (as long as their source constraint file is marked as used_in_implementation) and should be applied correctly then. You should review the constraints listed in the file [.Xil/mts_wrapper_propImpl.xdc] and check the run log file to verify that these constraints were correctly applied.
INFO: [Project 1-236] Implementation specific constraints were found while reading constraint file [C:/Work/FPGA/RFSoC-MTS/boards/RFSoC4x2/build_mts/mts.xdc]. These constraints will be ignored for synthesis but will be used in implementation. Impacted constraints are listed in the file [.Xil/mts_wrapper_propImpl.xdc].
Resolution: To avoid this warning, move constraints listed in [.Xil/mts_wrapper_propImpl.xdc] to another XDC file and exclude this new file from synthesis with the used_in_synthesis property (File Properties dialog in GUI) and re-run elaboration/synthesis.
Parsing XDC File [C:/Work/FPGA/RFSoC-MTS/boards/RFSoC4x2/build_mts/mts/mts.runs/synth_1/dont_touch.xdc]
Finished Parsing XDC File [C:/Work/FPGA/RFSoC-MTS/boards/RFSoC4x2/build_mts/mts/mts.runs/synth_1/dont_touch.xdc]
Completed Processing XDC Constraints

Netlist sorting complete. Time (s): cpu = 00:00:00 ; elapsed = 00:00:00 . Memory (MB): peak = 2870.770 ; gain = 0.000
INFO: [Project 1-111] Unisim Transformation Summary:
No Unisim elements were transformed.

Constraint Validation Runtime : Time (s): cpu = 00:00:00 ; elapsed = 00:00:00.010 . Memory (MB): peak = 2870.770 ; gain = 0.000
WARNING: [Timing 38-316] Clock period '20.000' specified during out-of-context synthesis of instance 'mts_i/blk_mem_gen_1' at clock pin 'clka' is different from the actual clock period '2.000', this can lead to different synthesis results.
WARNING: [Timing 38-316] Clock period '10.000' specified during out-of-context synthesis of instance 'mts_i/usp_rf_data_converter_1' at clock pin 'm0_axis_aclk' is different from the actual clock period '2.000', this can lead to different synthesis results.
INFO: [Designutils 20-5440] No compile time benefit to using incremental synthesis; A full resynthesis will be run
INFO: [Designutils 20-4379] Flow is switching to default flow due to incremental criteria not met. If you would like to alter this behaviour and have the flow terminate instead, please set the following parameter config_implementation {autoIncr.Synth.RejectBehavior Terminate}
INFO: [Synth 8-11241] undeclared symbol 'REGCCE', assumed default net type 'wire' [C:/Xilinx/Vivado/2022.2/data/verilog/src/unimacro/BRAM_SINGLE_MACRO.v:2170]
---------------------------------------------------------------------------------
Finished Constraint Validation : Time (s): cpu = 00:00:16 ; elapsed = 00:00:17 . Memory (MB): peak = 2870.770 ; gain = 516.160
---------------------------------------------------------------------------------
---------------------------------------------------------------------------------
Start Loading Part and Timing Information
---------------------------------------------------------------------------------
Loading part: xczu48dr-ffvg1517-2-e
INFO: [Synth 8-6742] Reading net delay rules and data
---------------------------------------------------------------------------------
Finished Loading Part and Timing Information : Time (s): cpu = 00:00:16 ; elapsed = 00:00:17 . Memory (MB): peak = 2870.770 ; gain = 516.160
---------------------------------------------------------------------------------
---------------------------------------------------------------------------------
Start Applying 'set_property' XDC Constraints
---------------------------------------------------------------------------------
Applied set_property IO_BUFFER_TYPE = NONE for adc2_clk_clk_n. (constraint file  c:/Work/FPGA/RFSoC-MTS/boards/RFSoC4x2/build_mts/mts/mts.gen/sources_1/bd/mts/ip/mts_usp_rf_data_converter_1_0/mts_usp_rf_data_converter_1_0/mts_usp_rf_data_converter_1_0_in_context.xdc, line 9).
Applied set_property CLOCK_BUFFER_TYPE = NONE for adc2_clk_clk_n. (constraint file  c:/Work/FPGA/RFSoC-MTS/boards/RFSoC4x2/build_mts/mts/mts.gen/sources_1/bd/mts/ip/mts_usp_rf_data_converter_1_0/mts_usp_rf_data_converter_1_0/mts_usp_rf_data_converter_1_0_in_context.xdc, line 10).
Applied set_property IO_BUFFER_TYPE = NONE for adc2_clk_clk_p. (constraint file  c:/Work/FPGA/RFSoC-MTS/boards/RFSoC4x2/build_mts/mts/mts.gen/sources_1/bd/mts/ip/mts_usp_rf_data_converter_1_0/mts_usp_rf_data_converter_1_0/mts_usp_rf_data_converter_1_0_in_context.xdc, line 11).
Applied set_property CLOCK_BUFFER_TYPE = NONE for adc2_clk_clk_p. (constraint file  c:/Work/FPGA/RFSoC-MTS/boards/RFSoC4x2/build_mts/mts/mts.gen/sources_1/bd/mts/ip/mts_usp_rf_data_converter_1_0/mts_usp_rf_data_converter_1_0/mts_usp_rf_data_converter_1_0_in_context.xdc, line 12).
Applied set_property IO_BUFFER_TYPE = NONE for dac2_clk_clk_n. (constraint file  c:/Work/FPGA/RFSoC-MTS/boards/RFSoC4x2/build_mts/mts/mts.gen/sources_1/bd/mts/ip/mts_usp_rf_data_converter_1_0/mts_usp_rf_data_converter_1_0/mts_usp_rf_data_converter_1_0_in_context.xdc, line 13).
Applied set_property CLOCK_BUFFER_TYPE = NONE for dac2_clk_clk_n. (constraint file  c:/Work/FPGA/RFSoC-MTS/boards/RFSoC4x2/build_mts/mts/mts.gen/sources_1/bd/mts/ip/mts_usp_rf_data_converter_1_0/mts_usp_rf_data_converter_1_0/mts_usp_rf_data_converter_1_0_in_context.xdc, line 14).
Applied set_property IO_BUFFER_TYPE = NONE for dac2_clk_clk_p. (constraint file  c:/Work/FPGA/RFSoC-MTS/boards/RFSoC4x2/build_mts/mts/mts.gen/sources_1/bd/mts/ip/mts_usp_rf_data_converter_1_0/mts_usp_rf_data_converter_1_0/mts_usp_rf_data_converter_1_0_in_context.xdc, line 15).
Applied set_property CLOCK_BUFFER_TYPE = NONE for dac2_clk_clk_p. (constraint file  c:/Work/FPGA/RFSoC-MTS/boards/RFSoC4x2/build_mts/mts/mts.gen/sources_1/bd/mts/ip/mts_usp_rf_data_converter_1_0/mts_usp_rf_data_converter_1_0/mts_usp_rf_data_converter_1_0_in_context.xdc, line 16).
Applied set_property IO_BUFFER_TYPE = NONE for sysref_in_diff_n. (constraint file  c:/Work/FPGA/RFSoC-MTS/boards/RFSoC4x2/build_mts/mts/mts.gen/sources_1/bd/mts/ip/mts_usp_rf_data_converter_1_0/mts_usp_rf_data_converter_1_0/mts_usp_rf_data_converter_1_0_in_context.xdc, line 17).
Applied set_property CLOCK_BUFFER_TYPE = NONE for sysref_in_diff_n. (constraint file  c:/Work/FPGA/RFSoC-MTS/boards/RFSoC4x2/build_mts/mts/mts.gen/sources_1/bd/mts/ip/mts_usp_rf_data_converter_1_0/mts_usp_rf_data_converter_1_0/mts_usp_rf_data_converter_1_0_in_context.xdc, line 18).
Applied set_property IO_BUFFER_TYPE = NONE for sysref_in_diff_p. (constraint file  c:/Work/FPGA/RFSoC-MTS/boards/RFSoC4x2/build_mts/mts/mts.gen/sources_1/bd/mts/ip/mts_usp_rf_data_converter_1_0/mts_usp_rf_data_converter_1_0/mts_usp_rf_data_converter_1_0_in_context.xdc, line 19).
Applied set_property CLOCK_BUFFER_TYPE = NONE for sysref_in_diff_p. (constraint file  c:/Work/FPGA/RFSoC-MTS/boards/RFSoC4x2/build_mts/mts/mts.gen/sources_1/bd/mts/ip/mts_usp_rf_data_converter_1_0/mts_usp_rf_data_converter_1_0/mts_usp_rf_data_converter_1_0_in_context.xdc, line 20).
Applied set_property IO_BUFFER_TYPE = NONE for vin0_01_v_n. (constraint file  c:/Work/FPGA/RFSoC-MTS/boards/RFSoC4x2/build_mts/mts/mts.gen/sources_1/bd/mts/ip/mts_usp_rf_data_converter_1_0/mts_usp_rf_data_converter_1_0/mts_usp_rf_data_converter_1_0_in_context.xdc, line 21).
Applied set_property CLOCK_BUFFER_TYPE = NONE for vin0_01_v_n. (constraint file  c:/Work/FPGA/RFSoC-MTS/boards/RFSoC4x2/build_mts/mts/mts.gen/sources_1/bd/mts/ip/mts_usp_rf_data_converter_1_0/mts_usp_rf_data_converter_1_0/mts_usp_rf_data_converter_1_0_in_context.xdc, line 22).
Applied set_property IO_BUFFER_TYPE = NONE for vin0_01_v_p. (constraint file  c:/Work/FPGA/RFSoC-MTS/boards/RFSoC4x2/build_mts/mts/mts.gen/sources_1/bd/mts/ip/mts_usp_rf_data_converter_1_0/mts_usp_rf_data_converter_1_0/mts_usp_rf_data_converter_1_0_in_context.xdc, line 23).
Applied set_property CLOCK_BUFFER_TYPE = NONE for vin0_01_v_p. (constraint file  c:/Work/FPGA/RFSoC-MTS/boards/RFSoC4x2/build_mts/mts/mts.gen/sources_1/bd/mts/ip/mts_usp_rf_data_converter_1_0/mts_usp_rf_data_converter_1_0/mts_usp_rf_data_converter_1_0_in_context.xdc, line 24).
Applied set_property IO_BUFFER_TYPE = NONE for vin0_23_v_n. (constraint file  c:/Work/FPGA/RFSoC-MTS/boards/RFSoC4x2/build_mts/mts/mts.gen/sources_1/bd/mts/ip/mts_usp_rf_data_converter_1_0/mts_usp_rf_data_converter_1_0/mts_usp_rf_data_converter_1_0_in_context.xdc, line 25).
Applied set_property CLOCK_BUFFER_TYPE = NONE for vin0_23_v_n. (constraint file  c:/Work/FPGA/RFSoC-MTS/boards/RFSoC4x2/build_mts/mts/mts.gen/sources_1/bd/mts/ip/mts_usp_rf_data_converter_1_0/mts_usp_rf_data_converter_1_0/mts_usp_rf_data_converter_1_0_in_context.xdc, line 26).
Applied set_property IO_BUFFER_TYPE = NONE for vin0_23_v_p. (constraint file  c:/Work/FPGA/RFSoC-MTS/boards/RFSoC4x2/build_mts/mts/mts.gen/sources_1/bd/mts/ip/mts_usp_rf_data_converter_1_0/mts_usp_rf_data_converter_1_0/mts_usp_rf_data_converter_1_0_in_context.xdc, line 27).
Applied set_property CLOCK_BUFFER_TYPE = NONE for vin0_23_v_p. (constraint file  c:/Work/FPGA/RFSoC-MTS/boards/RFSoC4x2/build_mts/mts/mts.gen/sources_1/bd/mts/ip/mts_usp_rf_data_converter_1_0/mts_usp_rf_data_converter_1_0/mts_usp_rf_data_converter_1_0_in_context.xdc, line 28).
Applied set_property IO_BUFFER_TYPE = NONE for vin1_01_v_n. (constraint file  c:/Work/FPGA/RFSoC-MTS/boards/RFSoC4x2/build_mts/mts/mts.gen/sources_1/bd/mts/ip/mts_usp_rf_data_converter_1_0/mts_usp_rf_data_converter_1_0/mts_usp_rf_data_converter_1_0_in_context.xdc, line 29).
Applied set_property CLOCK_BUFFER_TYPE = NONE for vin1_01_v_n. (constraint file  c:/Work/FPGA/RFSoC-MTS/boards/RFSoC4x2/build_mts/mts/mts.gen/sources_1/bd/mts/ip/mts_usp_rf_data_converter_1_0/mts_usp_rf_data_converter_1_0/mts_usp_rf_data_converter_1_0_in_context.xdc, line 30).
Applied set_property IO_BUFFER_TYPE = NONE for vin1_01_v_p. (constraint file  c:/Work/FPGA/RFSoC-MTS/boards/RFSoC4x2/build_mts/mts/mts.gen/sources_1/bd/mts/ip/mts_usp_rf_data_converter_1_0/mts_usp_rf_data_converter_1_0/mts_usp_rf_data_converter_1_0_in_context.xdc, line 31).
Applied set_property CLOCK_BUFFER_TYPE = NONE for vin1_01_v_p. (constraint file  c:/Work/FPGA/RFSoC-MTS/boards/RFSoC4x2/build_mts/mts/mts.gen/sources_1/bd/mts/ip/mts_usp_rf_data_converter_1_0/mts_usp_rf_data_converter_1_0/mts_usp_rf_data_converter_1_0_in_context.xdc, line 32).
Applied set_property IO_BUFFER_TYPE = NONE for vin2_01_v_n. (constraint file  c:/Work/FPGA/RFSoC-MTS/boards/RFSoC4x2/build_mts/mts/mts.gen/sources_1/bd/mts/ip/mts_usp_rf_data_converter_1_0/mts_usp_rf_data_converter_1_0/mts_usp_rf_data_converter_1_0_in_context.xdc, line 33).
Applied set_property CLOCK_BUFFER_TYPE = NONE for vin2_01_v_n. (constraint file  c:/Work/FPGA/RFSoC-MTS/boards/RFSoC4x2/build_mts/mts/mts.gen/sources_1/bd/mts/ip/mts_usp_rf_data_converter_1_0/mts_usp_rf_data_converter_1_0/mts_usp_rf_data_converter_1_0_in_context.xdc, line 34).
Applied set_property IO_BUFFER_TYPE = NONE for vin2_01_v_p. (constraint file  c:/Work/FPGA/RFSoC-MTS/boards/RFSoC4x2/build_mts/mts/mts.gen/sources_1/bd/mts/ip/mts_usp_rf_data_converter_1_0/mts_usp_rf_data_converter_1_0/mts_usp_rf_data_converter_1_0_in_context.xdc, line 35).
Applied set_property CLOCK_BUFFER_TYPE = NONE for vin2_01_v_p. (constraint file  c:/Work/FPGA/RFSoC-MTS/boards/RFSoC4x2/build_mts/mts/mts.gen/sources_1/bd/mts/ip/mts_usp_rf_data_converter_1_0/mts_usp_rf_data_converter_1_0/mts_usp_rf_data_converter_1_0_in_context.xdc, line 36).
Applied set_property IO_BUFFER_TYPE = NONE for vin2_23_v_n. (constraint file  c:/Work/FPGA/RFSoC-MTS/boards/RFSoC4x2/build_mts/mts/mts.gen/sources_1/bd/mts/ip/mts_usp_rf_data_converter_1_0/mts_usp_rf_data_converter_1_0/mts_usp_rf_data_converter_1_0_in_context.xdc, line 37).
Applied set_property CLOCK_BUFFER_TYPE = NONE for vin2_23_v_n. (constraint file  c:/Work/FPGA/RFSoC-MTS/boards/RFSoC4x2/build_mts/mts/mts.gen/sources_1/bd/mts/ip/mts_usp_rf_data_converter_1_0/mts_usp_rf_data_converter_1_0/mts_usp_rf_data_converter_1_0_in_context.xdc, line 38).
Applied set_property IO_BUFFER_TYPE = NONE for vin2_23_v_p. (constraint file  c:/Work/FPGA/RFSoC-MTS/boards/RFSoC4x2/build_mts/mts/mts.gen/sources_1/bd/mts/ip/mts_usp_rf_data_converter_1_0/mts_usp_rf_data_converter_1_0/mts_usp_rf_data_converter_1_0_in_context.xdc, line 39).
Applied set_property CLOCK_BUFFER_TYPE = NONE for vin2_23_v_p. (constraint file  c:/Work/FPGA/RFSoC-MTS/boards/RFSoC4x2/build_mts/mts/mts.gen/sources_1/bd/mts/ip/mts_usp_rf_data_converter_1_0/mts_usp_rf_data_converter_1_0/mts_usp_rf_data_converter_1_0_in_context.xdc, line 40).
Applied set_property IO_BUFFER_TYPE = NONE for vout00_v_n. (constraint file  c:/Work/FPGA/RFSoC-MTS/boards/RFSoC4x2/build_mts/mts/mts.gen/sources_1/bd/mts/ip/mts_usp_rf_data_converter_1_0/mts_usp_rf_data_converter_1_0/mts_usp_rf_data_converter_1_0_in_context.xdc, line 45).
Applied set_property CLOCK_BUFFER_TYPE = NONE for vout00_v_n. (constraint file  c:/Work/FPGA/RFSoC-MTS/boards/RFSoC4x2/build_mts/mts/mts.gen/sources_1/bd/mts/ip/mts_usp_rf_data_converter_1_0/mts_usp_rf_data_converter_1_0/mts_usp_rf_data_converter_1_0_in_context.xdc, line 46).
Applied set_property IO_BUFFER_TYPE = NONE for vout00_v_p. (constraint file  c:/Work/FPGA/RFSoC-MTS/boards/RFSoC4x2/build_mts/mts/mts.gen/sources_1/bd/mts/ip/mts_usp_rf_data_converter_1_0/mts_usp_rf_data_converter_1_0/mts_usp_rf_data_converter_1_0_in_context.xdc, line 47).
Applied set_property CLOCK_BUFFER_TYPE = NONE for vout00_v_p. (constraint file  c:/Work/FPGA/RFSoC-MTS/boards/RFSoC4x2/build_mts/mts/mts.gen/sources_1/bd/mts/ip/mts_usp_rf_data_converter_1_0/mts_usp_rf_data_converter_1_0/mts_usp_rf_data_converter_1_0_in_context.xdc, line 48).
Applied set_property IO_BUFFER_TYPE = NONE for vout10_v_n. (constraint file  c:/Work/FPGA/RFSoC-MTS/boards/RFSoC4x2/build_mts/mts/mts.gen/sources_1/bd/mts/ip/mts_usp_rf_data_converter_1_0/mts_usp_rf_data_converter_1_0/mts_usp_rf_data_converter_1_0_in_context.xdc, line 49).
Applied set_property CLOCK_BUFFER_TYPE = NONE for vout10_v_n. (constraint file  c:/Work/FPGA/RFSoC-MTS/boards/RFSoC4x2/build_mts/mts/mts.gen/sources_1/bd/mts/ip/mts_usp_rf_data_converter_1_0/mts_usp_rf_data_converter_1_0/mts_usp_rf_data_converter_1_0_in_context.xdc, line 50).
Applied set_property IO_BUFFER_TYPE = NONE for vout10_v_p. (constraint file  c:/Work/FPGA/RFSoC-MTS/boards/RFSoC4x2/build_mts/mts/mts.gen/sources_1/bd/mts/ip/mts_usp_rf_data_converter_1_0/mts_usp_rf_data_converter_1_0/mts_usp_rf_data_converter_1_0_in_context.xdc, line 51).
Applied set_property CLOCK_BUFFER_TYPE = NONE for vout10_v_p. (constraint file  c:/Work/FPGA/RFSoC-MTS/boards/RFSoC4x2/build_mts/mts/mts.gen/sources_1/bd/mts/ip/mts_usp_rf_data_converter_1_0/mts_usp_rf_data_converter_1_0/mts_usp_rf_data_converter_1_0_in_context.xdc, line 52).
Applied set_property IO_BUFFER_TYPE = NONE for vout20_v_n. (constraint file  c:/Work/FPGA/RFSoC-MTS/boards/RFSoC4x2/build_mts/mts/mts.gen/sources_1/bd/mts/ip/mts_usp_rf_data_converter_1_0/mts_usp_rf_data_converter_1_0/mts_usp_rf_data_converter_1_0_in_context.xdc, line 53).
Applied set_property CLOCK_BUFFER_TYPE = NONE for vout20_v_n. (constraint file  c:/Work/FPGA/RFSoC-MTS/boards/RFSoC4x2/build_mts/mts/mts.gen/sources_1/bd/mts/ip/mts_usp_rf_data_converter_1_0/mts_usp_rf_data_converter_1_0/mts_usp_rf_data_converter_1_0_in_context.xdc, line 54).
Applied set_property IO_BUFFER_TYPE = NONE for vout20_v_p. (constraint file  c:/Work/FPGA/RFSoC-MTS/boards/RFSoC4x2/build_mts/mts/mts.gen/sources_1/bd/mts/ip/mts_usp_rf_data_converter_1_0/mts_usp_rf_data_converter_1_0/mts_usp_rf_data_converter_1_0_in_context.xdc, line 55).
Applied set_property CLOCK_BUFFER_TYPE = NONE for vout20_v_p. (constraint file  c:/Work/FPGA/RFSoC-MTS/boards/RFSoC4x2/build_mts/mts/mts.gen/sources_1/bd/mts/ip/mts_usp_rf_data_converter_1_0/mts_usp_rf_data_converter_1_0/mts_usp_rf_data_converter_1_0_in_context.xdc, line 56).
Applied set_property KEEP_HIERARCHY = SOFT for mts_i. (constraint file  auto generated constraint).
Applied set_property KEEP_HIERARCHY = SOFT for mts_i/clocktreeMTS/BUFG_PL_CLK. (constraint file  auto generated constraint).
Applied set_property KEEP_HIERARCHY = SOFT for mts_i/clocktreeMTS/MTSclkwiz. (constraint file  auto generated constraint).
Applied set_property KEEP_HIERARCHY = SOFT for mts_i/clocktreeMTS/PSreset_control. (constraint file  auto generated constraint).
Applied set_property KEEP_HIERARCHY = SOFT for mts_i/clocktreeMTS/RFegressReset. (constraint file  auto generated constraint).
Applied set_property KEEP_HIERARCHY = SOFT for mts_i/clocktreeMTS/RFingressReset. (constraint file  auto generated constraint).
Applied set_property KEEP_HIERARCHY = SOFT for mts_i/clocktreeMTS/synchronizeSYSREF. (constraint file  auto generated constraint).
Applied set_property KEEP_HIERARCHY = SOFT for mts_i/control_interconnect/xbar. (constraint file  auto generated constraint).
Applied set_property KEEP_HIERARCHY = SOFT for mts_i/control_interconnect/s00_couplers/auto_pc. (constraint file  auto generated constraint).
Applied set_property KEEP_HIERARCHY = SOFT for mts_i/control_interconnect. (constraint file  auto generated constraint).
Applied set_property KEEP_HIERARCHY = SOFT for mts_i/gpio_control/axi_gpio_bram_adc. (constraint file  auto generated constraint).
Applied set_property KEEP_HIERARCHY = SOFT for mts_i/gpio_control/axi_gpio_dac. (constraint file  auto generated constraint).
Applied set_property KEEP_HIERARCHY = SOFT for mts_i/gpio_control/axi_gpio_fifoflush. (constraint file  auto generated constraint).
Applied set_property KEEP_HIERARCHY = SOFT for mts_i/gpio_control/xpm_cdc_gen_0. (constraint file  auto generated constraint).
Applied set_property KEEP_HIERARCHY = SOFT for mts_i/system_management_wiz_0. (constraint file  auto generated constraint).
Applied set_property KEEP_HIERARCHY = SOFT for mts_i/usp_rf_data_converter_1. (constraint file  auto generated constraint).
Applied set_property KEEP_HIERARCHY = SOFT for mts_i/xlconcat_0. (constraint file  auto generated constraint).
Applied set_property KEEP_HIERARCHY = SOFT for mts_i/zynq_ultra_ps_e_0. (constraint file  auto generated constraint).
Applied set_property KEEP_HIERARCHY = SOFT for mts_i/IQ_product_0. (constraint file  auto generated constraint).
Applied set_property KEEP_HIERARCHY = SOFT for mts_i/ila_0. (constraint file  auto generated constraint).
Applied set_property KEEP_HIERARCHY = SOFT for mts_i/c_counter_binary_0. (constraint file  auto generated constraint).
Applied set_property KEEP_HIERARCHY = SOFT for mts_i/blk_mem_gen_1. (constraint file  auto generated constraint).
Applied set_property KEEP_HIERARCHY = SOFT for mts_i/vio_0. (constraint file  auto generated constraint).
---------------------------------------------------------------------------------
Finished applying 'set_property' XDC Constraints : Time (s): cpu = 00:00:17 ; elapsed = 00:00:17 . Memory (MB): peak = 2870.770 ; gain = 516.160
---------------------------------------------------------------------------------
---------------------------------------------------------------------------------
Finished RTL Optimization Phase 2 : Time (s): cpu = 00:00:17 ; elapsed = 00:00:18 . Memory (MB): peak = 2870.770 ; gain = 516.160
---------------------------------------------------------------------------------
---------------------------------------------------------------------------------
Start RTL Component Statistics 
---------------------------------------------------------------------------------
Detailed RTL Component Info : 
---------------------------------------------------------------------------------
Finished RTL Component Statistics 
---------------------------------------------------------------------------------
---------------------------------------------------------------------------------
Start Part Resource Summary
---------------------------------------------------------------------------------
Part Resources:
DSPs: 4272 (col length:192)
BRAMs: 2160 (col length: RAMB18 192 RAMB36 96)
---------------------------------------------------------------------------------
Finished Part Resource Summary
---------------------------------------------------------------------------------
---------------------------------------------------------------------------------
Start Cross Boundary and Area Optimization
---------------------------------------------------------------------------------
WARNING: [Synth 8-7080] Parallel synthesis criteria is not met
---------------------------------------------------------------------------------
Finished Cross Boundary and Area Optimization : Time (s): cpu = 00:00:18 ; elapsed = 00:00:19 . Memory (MB): peak = 2870.770 ; gain = 516.160
---------------------------------------------------------------------------------
---------------------------------------------------------------------------------
Start Applying XDC Timing Constraints
---------------------------------------------------------------------------------
---------------------------------------------------------------------------------
Finished Applying XDC Timing Constraints : Time (s): cpu = 00:00:26 ; elapsed = 00:00:27 . Memory (MB): peak = 3263.328 ; gain = 908.719
---------------------------------------------------------------------------------
---------------------------------------------------------------------------------
Start Timing Optimization
---------------------------------------------------------------------------------
---------------------------------------------------------------------------------
Finished Timing Optimization : Time (s): cpu = 00:00:26 ; elapsed = 00:00:27 . Memory (MB): peak = 3263.699 ; gain = 909.090
---------------------------------------------------------------------------------
---------------------------------------------------------------------------------
Start Technology Mapping
---------------------------------------------------------------------------------
---------------------------------------------------------------------------------
Finished Technology Mapping : Time (s): cpu = 00:00:26 ; elapsed = 00:00:28 . Memory (MB): peak = 3283.766 ; gain = 929.156
---------------------------------------------------------------------------------
---------------------------------------------------------------------------------
Start IO Insertion
---------------------------------------------------------------------------------
---------------------------------------------------------------------------------
Start Flattening Before IO Insertion
---------------------------------------------------------------------------------
---------------------------------------------------------------------------------
Finished Flattening Before IO Insertion
---------------------------------------------------------------------------------
---------------------------------------------------------------------------------
Start Final Netlist Cleanup
---------------------------------------------------------------------------------
---------------------------------------------------------------------------------
Finished Final Netlist Cleanup
---------------------------------------------------------------------------------
---------------------------------------------------------------------------------
Finished IO Insertion : Time (s): cpu = 00:00:29 ; elapsed = 00:00:31 . Memory (MB): peak = 3290.547 ; gain = 935.938
---------------------------------------------------------------------------------
---------------------------------------------------------------------------------
Start Renaming Generated Instances
---------------------------------------------------------------------------------
---------------------------------------------------------------------------------
Finished Renaming Generated Instances : Time (s): cpu = 00:00:29 ; elapsed = 00:00:31 . Memory (MB): peak = 3290.547 ; gain = 935.938
---------------------------------------------------------------------------------
---------------------------------------------------------------------------------
Start Rebuilding User Hierarchy
---------------------------------------------------------------------------------
---------------------------------------------------------------------------------
Finished Rebuilding User Hierarchy : Time (s): cpu = 00:00:29 ; elapsed = 00:00:31 . Memory (MB): peak = 3290.547 ; gain = 935.938
---------------------------------------------------------------------------------
---------------------------------------------------------------------------------
Start Renaming Generated Ports
---------------------------------------------------------------------------------
---------------------------------------------------------------------------------
Finished Renaming Generated Ports : Time (s): cpu = 00:00:29 ; elapsed = 00:00:31 . Memory (MB): peak = 3290.547 ; gain = 935.938
---------------------------------------------------------------------------------
---------------------------------------------------------------------------------
Start Handling Custom Attributes
---------------------------------------------------------------------------------
---------------------------------------------------------------------------------
Finished Handling Custom Attributes : Time (s): cpu = 00:00:29 ; elapsed = 00:00:31 . Memory (MB): peak = 3290.547 ; gain = 935.938
---------------------------------------------------------------------------------
---------------------------------------------------------------------------------
Start Renaming Generated Nets
---------------------------------------------------------------------------------
---------------------------------------------------------------------------------
Finished Renaming Generated Nets : Time (s): cpu = 00:00:29 ; elapsed = 00:00:31 . Memory (MB): peak = 3290.547 ; gain = 935.938
---------------------------------------------------------------------------------
---------------------------------------------------------------------------------
Start Writing Synthesis Report
---------------------------------------------------------------------------------

Report BlackBoxes: 
+------+------------------------------+----------+
|      |BlackBox name                 |Instances |
+------+------------------------------+----------+
|1     |mts_xbar_0                    |         1|
|2     |mts_auto_pc_0                 |         1|
|3     |mts_IQ_product_0_0            |         1|
|4     |mts_blk_mem_gen_0_5           |         1|
|5     |mts_c_counter_binary_0_0      |         1|
|6     |mts_ila_0_0                   |         1|
|7     |mts_system_management_wiz_0_0 |         1|
|8     |mts_usp_rf_data_converter_1_0 |         1|
|9     |mts_vio_0_0                   |         1|
|10    |mts_zynq_ultra_ps_e_0_0       |         1|
|11    |mts_BUFG_PL_CLK_0             |         1|
|12    |mts_MTSclkwiz_0               |         1|
|13    |mts_PSreset_control_0         |         1|
|14    |mts_RFegressReset_0           |         1|
|15    |mts_RFingressReset_0          |         1|
|16    |mts_synchronizeSYSREF_0       |         1|
|17    |mts_axi_gpio_bram_adc_0       |         1|
|18    |mts_axi_gpio_dac_0            |         1|
|19    |mts_axi_gpio_fifoflush_0      |         1|
|20    |mts_xpm_cdc_gen_0_0           |         1|
+------+------------------------------+----------+

Report Cell Usage: 
+------+-----------------------------------+------+
|      |Cell                               |Count |
+------+-----------------------------------+------+
|1     |mts_BUFG_PL_CLK_0_bbox             |     1|
|2     |mts_IQ_product_0_0_bbox            |     1|
|3     |mts_MTSclkwiz_0_bbox               |     1|
|4     |mts_PSreset_control_0_bbox         |     1|
|5     |mts_RFegressReset_0_bbox           |     1|
|6     |mts_RFingressReset_0_bbox          |     1|
|7     |mts_auto_pc_0_bbox                 |     1|
|8     |mts_axi_gpio_bram_adc_0_bbox       |     1|
|9     |mts_axi_gpio_dac_0_bbox            |     1|
|10    |mts_axi_gpio_fifoflush_0_bbox      |     1|
|11    |mts_blk_mem_gen_0_5_bbox           |     1|
|12    |mts_c_counter_binary_0_0_bbox      |     1|
|13    |mts_ila_0_0_bbox                   |     1|
|14    |mts_synchronizeSYSREF_0_bbox       |     1|
|15    |mts_system_management_wiz_0_0_bbox |     1|
|16    |mts_usp_rf_data_converter_1_0_bbox |     1|
|17    |mts_vio_0_0_bbox                   |     1|
|18    |mts_xbar_0_bbox                    |     1|
|19    |mts_xpm_cdc_gen_0_0_bbox           |     1|
|20    |mts_zynq_ultra_ps_e_0_0_bbox       |     1|
|21    |IBUF                               |     2|
+------+-----------------------------------+------+
---------------------------------------------------------------------------------
Finished Writing Synthesis Report : Time (s): cpu = 00:00:29 ; elapsed = 00:00:31 . Memory (MB): peak = 3290.547 ; gain = 935.938
---------------------------------------------------------------------------------
Synthesis finished with 0 errors, 0 critical warnings and 17 warnings.
Synthesis Optimization Runtime : Time (s): cpu = 00:00:17 ; elapsed = 00:00:24 . Memory (MB): peak = 3290.547 ; gain = 896.582
Synthesis Optimization Complete : Time (s): cpu = 00:00:29 ; elapsed = 00:00:31 . Memory (MB): peak = 3290.547 ; gain = 935.938
INFO: [Project 1-571] Translating synthesized netlist
Netlist sorting complete. Time (s): cpu = 00:00:00 ; elapsed = 00:00:00.028 . Memory (MB): peak = 3302.613 ; gain = 0.000
INFO: [Netlist 29-17] Analyzing 2 Unisim elements for replacement
INFO: [Netlist 29-28] Unisim Transformation completed in 0 CPU seconds
INFO: [Project 1-570] Preparing netlist for logic optimization
INFO: [Opt 31-138] Pushed 0 inverter(s) to 0 load pin(s).
Netlist sorting complete. Time (s): cpu = 00:00:00 ; elapsed = 00:00:00 . Memory (MB): peak = 3345.039 ; gain = 0.000
INFO: [Project 1-111] Unisim Transformation Summary:
  A total of 2 instances were transformed.
  IBUF => IBUF (IBUFCTRL, INBUF): 2 instances

Synth Design complete, checksum: 9d312574
INFO: [Common 17-83] Releasing license: Synthesis
103 Infos, 221 Warnings, 0 Critical Warnings and 0 Errors encountered.
synth_design completed successfully
synth_design: Time (s): cpu = 00:00:36 ; elapsed = 00:00:39 . Memory (MB): peak = 3345.039 ; gain = 2087.488
INFO: [Common 17-1381] The checkpoint 'C:/Work/FPGA/RFSoC-MTS/boards/RFSoC4x2/build_mts/mts/mts.runs/synth_1/mts_wrapper.dcp' has been generated.
INFO: [runtcl-4] Executing : report_utilization -file mts_wrapper_utilization_synth.rpt -pb mts_wrapper_utilization_synth.pb
INFO: [Common 17-206] Exiting Vivado at Thu Jul  6 18:23:57 2023...
